#
# A fatal error has been detected by the Java Runtime Environment:
#
#  SIGSEGV (0xb) at pc=0x0000719969fa38e0, pid=15361, tid=15388
#
# JRE version: OpenJDK Runtime Environment Temurin-21.0.7+6 (21.0.7+6) (build 21.0.7+6-LTS)
# Java VM: OpenJDK 64-Bit Server VM Temurin-21.0.7+6 (21.0.7+6-LTS, mixed mode, sharing, tiered, compressed oops, compressed class ptrs, parallel gc, linux-amd64)
# Problematic frame:
# V  [libjvm.so+0x7a38e0]  JavaFrameAnchor::make_walkable()+0x0
#
# Core dump will be written. Default location: Core dumps may be processed with "/usr/lib/systemd/systemd-coredump %P %u %g %s %t 9223372036854775808 %h %d" (or dumping to /home/elves/Área de trabalho/JavaProjects/GAMERJAVA/core.15361)
#
# If you would like to submit a bug report, please visit:
#   https://github.com/adoptium/adoptium-support/issues
# The crash happened outside the Java Virtual Machine in native code.
# See problematic frame for where to report the bug.
#

---------------  S U M M A R Y ------------

Command Line: --add-modules=ALL-SYSTEM --add-opens=java.base/java.util=ALL-UNNAMED --add-opens=java.base/java.lang=ALL-UNNAMED --add-opens=java.base/sun.nio.fs=ALL-UNNAMED -Declipse.application=org.eclipse.jdt.ls.core.id1 -Dosgi.bundles.defaultStartLevel=4 -Declipse.product=org.eclipse.jdt.ls.core.product -Djava.import.generatesMetadataFilesAtProjectRoot=false -DDetectVMInstallationsJob.disabled=true -Dfile.encoding=utf8 -XX:+UseParallelGC -XX:GCTimeRatio=4 -XX:AdaptiveSizePolicyWeight=90 -Dsun.zip.disableMemoryMapping=true -Xmx1G -Xms100m -Xlog:disable -javaagent:/home/elves/.vscode/extensions/redhat.java-1.42.0-linux-x64/lombok/lombok-1.18.36.jar -XX:+HeapDumpOnOutOfMemoryError -XX:HeapDumpPath=/home/elves/.config/Code/User/workspaceStorage/d994df2e2bce5b7276a3ec9392a805e9/redhat.java -Daether.dependencyCollector.impl=bf /home/elves/.vscode/extensions/redhat.java-1.42.0-linux-x64/server/plugins/org.eclipse.equinox.launcher_1.7.0.v20250424-1814.jar -configuration /home/elves/.config/Code/User/globalStorage/redhat.java/1.42.0/config_linux -data /home/elves/.config/Code/User/workspaceStorage/d994df2e2bce5b7276a3ec9392a805e9/redhat.java/jdt_ws --pipe=/run/user/1000/lsp-21d21e354ccd4263f7bdfe24a4d674d2.sock

Host: Intel(R) Core(TM) i3-2310M CPU @ 2.10GHz, 8 cores, 5G, Linux Mint 22.1 Xia
Time: Fri Jun 20 14:03:17 2025 -03 elapsed time: 7.087321 seconds (0d 0h 0m 7s)

---------------  T H R E A D  ---------------

Current thread (0x00007198bc1ced40):  JavaThread "Worker-1: Building"        [_thread_in_native, id=15388, stack(0x0000719950384000,0x0000719950484000) (1024K)]

Stack: [0x0000719950384000,0x0000719950484000],  sp=0x00007199504803d8,  free space=1008k
Native frames: (J=compiled Java code, j=interpreted, Vv=VM code, C=native code)
V  [libjvm.so+0x7a38e0]  JavaFrameAnchor::make_walkable()+0x0
V  [libjvm.so+0xe8b4c8]  StackWatermarkSet::before_unwind(JavaThread*)+0x28

siginfo: si_signo: 11 (SIGSEGV), si_code: 1 (SEGV_MAPERR), si_addr: 0x0000000000000398

Registers:
RAX=0x0000000000000000, RBX=0x0000719950381678, RCX=0x000071995234269c, RDX=0x0000719950481938
RSP=0x00007199504803d8, RBP=0x0000719950481700, RSI=0x000000000075f09b, RDI=0x0000000000000398
R8 =0x00000000ebe13680, R9 =0x000000000000001d, R10=0x0000000000000000, R11=0x0000719968e29000
R12=0x0000719950381678, R13=0x0000719950480420, R14=0x0000000000000000, R15=0x00007198a4000ec0
RIP=0x0000719969fa38e0, EFLAGS=0x0000000000010202, CSGSFS=0x002b000000000033, ERR=0x0000000000000004
  TRAPNO=0x000000000000000e

XMM[0]=0x000000726567676f 0x6c2e6c616e726574
XMM[1]=0x00007198e016dc90 0x00000000eb374b28
XMM[2]=0x0000000000000000 0x0000000000000000
XMM[3]=0x00000000ebe110f0 0x00000000ebe110d8
XMM[4]=0x0000000000000000 0x00000000ebe110f0
XMM[5]=0x00000000ebe110f0 0x00000000ebe110d8
XMM[6]=0x0000000000000000 0x00000000ebe223c8
XMM[7]=0x0000000000000000 0x00007198bc1ced40
XMM[8]=0x0000000000000000 0x697361421e000165
XMM[9]=0x0000000000000000 0x697461636f4c2472
XMM[10]=0x0000000000000000 0x0013270a02001532
XMM[11]=0x0000000000000000 0x0000000000000000
XMM[12]=0x0000000000000000 0x0000000000000000
XMM[13]=0x0000000000000000 0x0000000000000000
XMM[14]=0x0000000000000000 0x0000000000000000
XMM[15]=0x0000000000000000 0xcafebabecafebabe
  MXCSR=0x00001fa2


Register to memory mapping:

RAX=0x0 is null
RBX=0x0000719950381678 is pointing into the stack for thread: 0x00007198a4001080
RCX=0x000071995234269c is at entry_point+1468 in (nmethod*)0x0000719952341e90
Compiled method (c1) 7088 2800       3       java.util.stream.StreamSpliterators$AbstractWrappingSpliterator::
[error occurred during error reporting (printing register info), id 0xb, SIGSEGV (0xb) at pc=0x0000719969c43923]
RDX=0x0000719950481938 is pointing into the stack for thread: 0x00007198bc1ced40
RSP=0x00007199504803d8 is pointing into the stack for thread: 0x00007198bc1ced40
RBP=0x0000719950481700 is pointing into the stack for thread: 0x00007198bc1ced40
RSI=0x000000000075f09b is an unknown value
RDI=0x0000000000000398 is an unknown value
R8 =0x00000000ebe13680 is an oop: [B 
{0x00000000ebe13680} - klass: {type array byte}
 - length: 16
R9 =0x000000000000001d is an unknown value
R10=0x0 is null
R11=0x0000719968e29000 points into unknown readable memory: 0x0000000000000000 | 00 00 00 00 00 00 00 00
R12=0x0000719950381678 is pointing into the stack for thread: 0x00007198a4001080
R13=0x0000719950480420 is pointing into the stack for thread: 0x00007198bc1ced40
R14=0x0 is null
R15=0x00007198a4000ec0 points into unknown readable memory: 0x00000000c006b138 | 38 b1 06 c0 00 00 00 00


[error occurred during error reporting (printing register info, attempt 2), id 0xb, SIGSEGV (0xb) at pc=0x0000719969c43923]


[error occurred during error reporting (printing register info, attempt 3), id 0xb, SIGSEGV (0xb) at pc=0x0000719969c43923]
Top of Stack: (sp=0x00007199504803d8)
0x00007199504803d8:   000071996a68b79b 0000000000000003
0x00007199504803e8:   00007198e01855b8 0000719950480480
0x00007199504803f8:   0000000000000008 00000000eb3ebb28
0x0000719950480408:   000071996ae49950 00007199504816a0
0x0000719950480418:   00007199504816a0 00000000eb3ef148
0x0000719950480428:   0000000000000000 00000000c010f7b0
0x0000719950480438:   0000000000000000 0000000000000000
0x0000719950480448:   00000000eb3ef0f8 0000000000000000
0x0000719950480458:   00000000c07358f8 0000719950480520
0x0000719950480468:   00007198e42d6f48 00007199504805a0
0x0000719950480478:   0000719951ed4bcc 00000000eb3ef148
0x0000719950480488:   00007198e42d6f40 0000719950480520
0x0000719950480498:   0000000000000008 0000719969f8f950
0x00007199504804a8:   0000000000000000 00007198e01856e0
0x00007199504804b8:   0000000000000008 0000000000000003
0x00007199504804c8:   00007198e42d6f40 0000719950480550
0x00007199504804d8:   0000719950480550 00007199504805a0
0x00007199504804e8:   0000719959337cc6 00000000eb3ef148
0x00007199504804f8:   0000000000000000 0000719900000000
0x0000719950480508:   00000000eb3ef148 0000000000000000
0x0000719950480518:   0000000000000000 00000000eb3ef0f8
0x0000719950480528:   0000000000000000 00000000c07358f8
0x0000719950480538:   00000000c010f708 0000719900001fa2
0x0000719950480548:   00007199504806e0 000000000000000d
0x0000719950480558:   00007199504807f8 00007198bc1ced40
0x0000719950480568:   0000719950480720 0000719950480630
0x0000719950480578:   00007199504807f8 000000000000000c
0x0000719950480588:   00007199504807f0 00007198bc1ced40
0x0000719950480598:   00007199504807f8 0000000000000001
0x00007199504805a8:   00007199504806e0 00007199504806a0
0x00007199504805b8:   000071996a1115e5 0000719959450c00
0x00007199504805c8:   0000719950480610 00007199504805f0 

Instructions: (pc=0x0000719969fa38e0)
0x0000719969fa37e0:   48 8d 0c ce eb a0 66 2e 0f 1f 84 00 00 00 00 00
0x0000719969fa37f0:   0f b7 01 66 89 03 48 83 c4 08 44 89 c0 5b 41 5c
0x0000719969fa3800:   41 5d 5d c3 0f 1f 40 00 85 ff 75 54 48 85 c9 74
0x0000719969fa3810:   03 48 8b 09 49 89 0c 24 eb 93 66 0f 1f 44 00 00
0x0000719969fa3820:   48 8b 01 48 89 03 eb 85 0f 1f 84 00 00 00 00 00
0x0000719969fa3830:   f3 0f 10 01 f3 0f 11 03 e9 70 ff ff ff 0f 1f 00
0x0000719969fa3840:   f2 0f 10 01 f2 0f 11 03 e9 60 ff ff ff 0f 1f 00
0x0000719969fa3850:   8b 01 89 03 e9 54 ff ff ff 0f 1f 80 00 00 00 00
0x0000719969fa3860:   49 8b 45 28 41 80 7d 24 00 48 8b 48 10 74 a5 48
0x0000719969fa3870:   8d 0c c8 eb 9f 48 8d 05 d4 56 d4 00 be 4e 02 00
0x0000719969fa3880:   00 48 8d 3d a0 12 9c 00 48 8b 00 c6 00 58 e8 3d
0x0000719969fa3890:   80 f1 ff 90 66 66 2e 0f 1f 84 00 00 00 00 00 90
0x0000719969fa38a0:   48 8b 57 28 80 7f 24 00 48 8b 42 f0 74 12 48 8d
0x0000719969fa38b0:   04 c2 48 63 f6 48 8d 04 f0 c3 66 0f 1f 44 00 00
0x0000719969fa38c0:   48 85 c0 75 ed 48 8b 07 48 63 f6 48 8d 04 f0 c3
0x0000719969fa38d0:   48 8b 47 28 c3 90 66 2e 0f 1f 84 00 00 00 00 00
0x0000719969fa38e0:   48 8b 07 48 85 c0 74 11 48 8b 07 48 85 c0 74 10
0x0000719969fa38f0:   48 8b 47 08 48 85 c0 74 07 c3 66 0f 1f 44 00 00
0x0000719969fa3900:   48 8b 07 48 8b 40 f8 48 89 47 08 c3 0f 1f 40 00
0x0000719969fa3910:   55 66 48 0f 6e c1 66 48 0f 6e ca 66 49 0f 6e d0
0x0000719969fa3920:   66 0f 6c c1 48 89 e5 53 48 89 fb 4c 89 c7 48 83
0x0000719969fa3930:   ec 08 0f 11 43 28 66 48 0f 6e c6 41 81 38 0f 1f
0x0000719969fa3940:   84 00 66 0f 6c c2 0f 11 03 0f 84 a9 00 00 00 e8
0x0000719969fa3950:   3c 1c ea ff 48 c7 43 18 00 00 00 00 48 89 43 10
0x0000719969fa3960:   48 89 c7 c6 43 24 00 48 85 c0 74 25 80 7f 5d 00
0x0000719969fa3970:   74 1f 48 8b 43 08 48 8b 97 80 00 00 00 48 39 d0
0x0000719969fa3980:   74 4e 80 7f 5e 03 74 28 48 3b 87 88 00 00 00 74
0x0000719969fa3990:   3f 48 8d 05 20 98 da 00 48 39 38 0f 94 c0 0f b6
0x0000719969fa39a0:   c0 89 43 20 48 8b 5d f8 c9 c3 66 0f 1f 44 00 00
0x0000719969fa39b0:   48 83 c2 05 48 39 d0 74 17 48 8b 97 88 00 00 00
0x0000719969fa39c0:   48 39 d0 74 0b 48 83 c2 05 48 39 d0 75 c3 66 90
0x0000719969fa39d0:   48 89 de e8 38 f1 ed ff 48 8b 00 48 85 c0 74 41 


Stack slot to memory mapping:

stack at sp + 0 slots: 0x000071996a68b79b: <offset 0x0000000000e8b79b> in /home/elves/.vscode/extensions/redhat.java-1.42.0-linux-x64/jre/21.0.7-linux-x86_64/lib/server/libjvm.so at 0x0000719969800000
stack at sp + 1 slots: 0x0000000000000003 is an unknown value
stack at sp + 2 slots: 0x00007198e01855b8 points into unknown readable memory: 0x0000000400000002 | 02 00 00 00 04 00 00 00
stack at sp + 3 slots: 0x0000719950480480 is pointing into the stack for thread: 0x00007198bc1ced40
stack at sp + 4 slots: 0x0000000000000008 is an unknown value
stack at sp + 5 slots: 0x00000000eb3ebb28 is an oop: [B 
{0x00000000eb3ebb28} - klass: {type array byte}
 - length: 1081
stack at sp + 6 slots: 0x000071996ae49950: <offset 0x0000000000049950> in /lib/x86_64-linux-gnu/libc.so.6 at 0x000071996ae00000
stack at sp + 7 slots: 0x00007199504816a0 is pointing into the stack for thread: 0x00007198bc1ced40


[error occurred during error reporting (inspecting top of stack), id 0xb, SIGSEGV (0xb) at pc=0x0000719969c43923]


[error occurred during error reporting (inspecting top of stack, attempt 2), id 0xb, SIGSEGV (0xb) at pc=0x0000719969c43923]


[error occurred during error reporting (inspecting top of stack, attempt 3), id 0xb, SIGSEGV (0xb) at pc=0x0000719969c43923]

---------------  P R O C E S S  ---------------

Threads class SMR info:
_java_thread_list=0x0000719964335a50, length=29, elements={
0x000071996402abc0, 0x00007199640fb730, 0x00007199640fcc60, 0x00007199640fe3b0,
0x00007199640ff9b0, 0x0000719964100f10, 0x0000719964102a10, 0x0000719964104090,
0x0000719964143fe0, 0x00007198e406a060, 0x00007199642a8610, 0x00007199644d31d0,
0x000071996452ee10, 0x00007198c401b120, 0x0000719964531dc0, 0x00007198bc23e330,
0x00007198bc478740, 0x00007198bc4c37c0, 0x00007198bc435560, 0x00007198bc1c9a80,
0x00007198bc1ced40, 0x00007198a4001080, 0x00007198bca3b9b0, 0x0000719898001710,
0x0000719890000ff0, 0x0000719894000ff0, 0x00005ce74d3aebf0, 0x0000719894047330,
0x0000719964334ba0
}

Java Threads: ( => current thread )
  0x000071996402abc0 JavaThread "main"                              [_thread_in_vm, id=15362, stack(0x000071996b019000,0x000071996b119000) (1024K)]
  0x00007199640fb730 JavaThread "Reference Handler"          daemon [_thread_blocked, id=15366, stack(0x0000719951987000,0x0000719951a87000) (1024K)]
  0x00007199640fcc60 JavaThread "Finalizer"                  daemon [_thread_blocked, id=15367, stack(0x0000719951887000,0x0000719951987000) (1024K)]
  0x00007199640fe3b0 JavaThread "Signal Dispatcher"          daemon [_thread_blocked, id=15368, stack(0x0000719951787000,0x0000719951887000) (1024K)]
  0x00007199640ff9b0 JavaThread "Service Thread"             daemon [_thread_blocked, id=15369, stack(0x0000719951687000,0x0000719951787000) (1024K)]
  0x0000719964100f10 JavaThread "Monitor Deflation Thread"   daemon [_thread_blocked, id=15370, stack(0x0000719951587000,0x0000719951687000) (1024K)]
  0x0000719964102a10 JavaThread "C2 CompilerThread0"         daemon [_thread_in_native, id=15371, stack(0x0000719951487000,0x0000719951587000) (1024K)]
  0x0000719964104090 JavaThread "C1 CompilerThread0"         daemon [_thread_in_native, id=15372, stack(0x0000719951387000,0x0000719951487000) (1024K)]
  0x0000719964143fe0 JavaThread "Common-Cleaner"             daemon [_thread_blocked, id=15373, stack(0x0000719951287000,0x0000719951387000) (1024K)]
  0x00007198e406a060 JavaThread "C2 CompilerThread1"         daemon [_thread_in_native, id=15374, stack(0x0000719951187000,0x0000719951287000) (1024K)]
  0x00007199642a8610 JavaThread "Notification Thread"        daemon [_thread_blocked, id=15375, stack(0x0000719951087000,0x0000719951187000) (1024K)]
  0x00007199644d31d0 JavaThread "Active Thread: Equinox Container: 980f5c7e-afea-44e4-8fad-5f577b876fed"        [_thread_blocked, id=15379, stack(0x0000719950c84000,0x0000719950d84000) (1024K)]
  0x000071996452ee10 JavaThread "Refresh Thread: Equinox Container: 980f5c7e-afea-44e4-8fad-5f577b876fed" daemon [_thread_blocked, id=15380, stack(0x0000719950b84000,0x0000719950c84000) (1024K)]
  0x00007198c401b120 JavaThread "Framework Event Dispatcher: Equinox Container: 980f5c7e-afea-44e4-8fad-5f577b876fed" daemon [_thread_blocked, id=15381, stack(0x0000719950a84000,0x0000719950b84000) (1024K)]
  0x0000719964531dc0 JavaThread "Start Level: Equinox Container: 980f5c7e-afea-44e4-8fad-5f577b876fed" daemon [_thread_blocked, id=15382, stack(0x0000719950984000,0x0000719950a84000) (1024K)]
  0x00007198bc23e330 JavaThread "Bundle File Closer"         daemon [_thread_blocked, id=15383, stack(0x0000719950884000,0x0000719950984000) (1024K)]
  0x00007198bc478740 JavaThread "SCR Component Actor"        daemon [_thread_blocked, id=15384, stack(0x0000719950784000,0x0000719950884000) (1024K)]
  0x00007198bc4c37c0 JavaThread "SCR Component Registry"     daemon [_thread_blocked, id=15385, stack(0x0000719950684000,0x0000719950784000) (1024K)]
  0x00007198bc435560 JavaThread "Worker-JM"                         [_thread_blocked, id=15386, stack(0x0000719950584000,0x0000719950684000) (1024K)]
  0x00007198bc1c9a80 JavaThread "Worker-0: Processing Java changes since last activation"        [_thread_blocked, id=15387, stack(0x0000719950484000,0x0000719950584000) (1024K)]
=>0x00007198bc1ced40 JavaThread "Worker-1: Building"                [_thread_in_native, id=15388, stack(0x0000719950384000,0x0000719950484000) (1024K)]
  0x00007198a4001080 JavaThread "Worker-2: Updating Maven Dependencies"        [_thread_in_Java, id=15389, stack(0x0000719950284000,0x0000719950384000) (1024K)]
  0x00007198bca3b9b0 JavaThread "Java indexing"              daemon [_thread_blocked, id=15390, stack(0x0000719950184000,0x0000719950284000) (1024K)]
  0x0000719898001710 JavaThread "Worker-3: Repository registry initialization"        [_thread_blocked, id=15391, stack(0x0000719950084000,0x0000719950184000) (1024K)]
  0x0000719890000ff0 JavaThread "Worker-4: Initialize After Load"        [_thread_blocked, id=15392, stack(0x0000719908f00000,0x0000719909000000) (1024K)]
  0x0000719894000ff0 JavaThread "Worker-5: Loading available Gradle versions"        [_thread_in_Java, id=15393, stack(0x0000719908e00000,0x0000719908f00000) (1024K)]
  0x00005ce74d3aebf0 JavaThread "Worker-6"                          [_thread_blocked, id=15394, stack(0x0000719908d00000,0x0000719908e00000) (1024K)]
  0x0000719894047330 JavaThread "Worker-7"                          [_thread_blocked, id=15395, stack(0x0000719908c00000,0x0000719908d00000) (1024K)]
  0x0000719964334ba0 JavaThread "pool-2-thread-1"                   [_thread_blocked, id=15396, stack(0x000071990892c000,0x0000719908a2c000) (1024K)]
Total: 29

Other Threads:
  0x00007199640e80f0 VMThread "VM Thread"                           [id=15365, stack(0x0000719951d00000,0x0000719951e00000) (1024K)]
  0x00007199640524c0 WatcherThread "VM Periodic Task Thread"        [id=15364, stack(0x0000719968d00000,0x0000719968e00000) (1024K)]
  0x0000719964043530 WorkerThread "GC Thread#0"                     [id=15363, stack(0x0000719969329000,0x0000719969429000) (1024K)]
  0x00007198f80018c0 WorkerThread "GC Thread#1"                     [id=15376, stack(0x0000719950f87000,0x0000719951087000) (1024K)]
  0x00007198f80036f0 WorkerThread "GC Thread#2"                     [id=15377, stack(0x0000719950e86000,0x0000719950f86000) (1024K)]
  0x00007198f80041d0 WorkerThread "GC Thread#3"                     [id=15378, stack(0x0000719950d85000,0x0000719950e85000) (1024K)]
Total: 6

Threads with active compile tasks:
C2 CompilerThread0  7111 4314       4       org.eclipse.osgi.internal.serviceregistry.ServiceRegistry::
[error occurred during error reporting (printing all threads), id 0xb, SIGSEGV (0xb) at pc=0x0000719969c43923]
VM state: not at safepoint (normal execution)

VM Mutex/Monitor currently owned by a thread: None

Heap address: 0x00000000c0000000, size: 1024 MB, Compressed Oops mode: 32-bit

CDS archive(s) mapped at: [0x0000719909000000-0x0000719909bb6000-0x0000719909bb6000), size 12279808, SharedBaseAddress: 0x0000719909000000, ArchiveRelocationMode: 1.
Compressed class space mapped at: 0x000071990a000000-0x000071994a000000, reserved size: 1073741824
Narrow klass base: 0x0000719909000000, Narrow klass shift: 0, Narrow klass range: 0x100000000

GC Precious Log:
 CardTable entry size: 512
 CPUs: 8 total, 4 available
 Memory: 5872M
 Large Page Support: Disabled
 NUMA Support: Disabled
 Compressed Oops: Enabled (32-bit)
 Alignments: Space 512K, Generation 512K, Heap 2M
 Heap Min Capacity: 100M
 Heap Initial Capacity: 100M
 Heap Max Capacity: 1G
 Pre-touch: Disabled
 Parallel Workers: 4

Heap:
 PSYoungGen      total 24064K, used 22792K [0x00000000eab00000, 0x00000000ec700000, 0x0000000100000000)
  eden space 22528K, 94% used [0x00000000eab00000,0x00000000ebfc2a80,0x00000000ec100000)
  from space 1536K, 99% used [0x00000000ec280000,0x00000000ec3ff6e0,0x00000000ec400000)
  to   space 2048K, 0% used [0x00000000ec500000,0x00000000ec500000,0x00000000ec700000)
 ParOldGen       total 68608K, used 16522K [0x00000000c0000000, 0x00000000c4300000, 0x00000000eab00000)
  object space 68608K, 24% used [0x00000000c0000000,0x00000000c1022ab8,0x00000000c4300000)
 Metaspace       used 34456K, committed 35456K, reserved 1114112K
  class space    used 3433K, committed 3904K, reserved 1048576K

Card table byte_map: [0x0000719969429000,0x000071996962a000] _byte_map_base: 0x0000719968e29000

Marking Bits: (ParMarkBitMap*) 0x000071996ad4bea0
 Begin Bits: [0x000071994a000000, 0x000071994b000000)
 End Bits:   [0x000071994b000000, 0x000071994c000000)

Polling page: 0x000071996b227000

Metaspace:

Usage:
  Non-class:     30,30 MB used.
      Class:      3,35 MB used.
       Both:     33,65 MB used.

Virtual space:
  Non-class space:       64,00 MB reserved,      30,81 MB ( 48%) committed,  1 nodes.
      Class space:        1,00 GB reserved,       3,81 MB ( <1%) committed,  1 nodes.
             Both:        1,06 GB reserved,      34,62 MB (  3%) committed. 

Chunk freelists:
   Non-Class:  1,08 MB
       Class:  12,20 MB
        Both:  13,28 MB

MaxMetaspaceSize: unlimited
CompressedClassSpaceSize: 1,00 GB
Initial GC threshold: 21,00 MB
Current GC threshold: 35,00 MB
CDS: on
 - commit_granule_bytes: 65536.
 - commit_granule_words: 8192.
 - virtual_space_node_default_size: 8388608.
 - enlarge_chunks_in_place: 1.
 - use_allocation_guard: 0.


Internal statistics:

num_allocs_failed_limit: 3.
num_arena_births: 732.
num_arena_deaths: 14.
num_vsnodes_births: 2.
num_vsnodes_deaths: 0.
num_space_committed: 554.
num_space_uncommitted: 0.
num_chunks_returned_to_freelist: 17.
num_chunks_taken_from_freelist: 2184.
num_chunk_merges: 9.
num_chunk_splits: 1384.
num_chunks_enlarged: 828.
num_inconsistent_stats: 0.

CodeHeap 'non-profiled nmethods': size=120032Kb used=1915Kb max_used=1915Kb free=118117Kb
 bounds [0x00007199598c8000, 0x0000719959b38000, 0x0000719960e00000]
CodeHeap 'profiled nmethods': size=120028Kb used=9103Kb max_used=9103Kb free=110924Kb
 bounds [0x0000719951e00000, 0x00007199526f0000, 0x0000719959337000]
CodeHeap 'non-nmethods': size=5700Kb used=1337Kb max_used=1347Kb free=4362Kb
 bounds [0x0000719959337000, 0x00007199595a7000, 0x00007199598c8000]
 total_blobs=5122 nmethods=4486 adapters=543
 compilation: enabled
              stopped_count=0, restarted_count=0
 full_count=0

Compilation events (20 events):
Event: 7,038 Thread 0x0000719964104090 nmethod 4476 0x00007199526d1310 code [0x00007199526d14a0, 0x00007199526d1620]
Event: 7,038 Thread 0x0000719964104090 4495       1       jdk.internal.loader.AbstractClassLoaderValue$Sub::parent (5 bytes)
Event: 7,038 Thread 0x0000719964104090 nmethod 4495 0x0000719959aa6510 code [0x0000719959aa66a0, 0x0000719959aa6760]
Event: 7,038 Thread 0x0000719964104090 4494       3       java.util.Collections$UnmodifiableCollection::stream (10 bytes)
Event: 7,038 Thread 0x0000719964104090 nmethod 4494 0x00007199526d1710 code [0x00007199526d18c0, 0x00007199526d1a90]
Event: 7,038 Thread 0x0000719964104090 4459       3       java.lang.invoke.MethodHandles$Lookup::checkMethodName (45 bytes)
Event: 7,039 Thread 0x0000719964104090 nmethod 4459 0x00007199526d1b90 code [0x00007199526d1dc0, 0x00007199526d2460]
Event: 7,039 Thread 0x0000719964104090 4496  s!   3       jdk.internal.jrtfs.JrtDirectoryStream::iterator (76 bytes)
Event: 7,040 Thread 0x0000719964104090 nmethod 4496 0x00007199526d2790 code [0x00007199526d29a0, 0x00007199526d3048]
Event: 7,040 Thread 0x0000719964104090 4497       3       org.eclipse.jdt.internal.compiler.util.JrtFileSystem$1::visitFile (10 bytes)
Event: 7,047 Thread 0x0000719964104090 nmethod 4497 0x00007199526d3310 code [0x00007199526d34c0, 0x00007199526d3708]
Event: 7,047 Thread 0x0000719964104090 4501       3       jdk.internal.jrtfs.JrtPath::equals (30 bytes)
Event: 7,047 Thread 0x0000719964104090 nmethod 4501 0x00007199526d3810 code [0x00007199526d39c0, 0x00007199526d3d70]
Event: 7,047 Thread 0x0000719964104090 4502       3       jdk.internal.jrtfs.JrtPath::getParent (5 bytes)
Event: 7,047 Thread 0x0000719964104090 nmethod 4502 0x00007199526d3e90 code [0x00007199526d4040, 0x00007199526d4178]
Event: 7,047 Thread 0x0000719964104090 4498       3       org.eclipse.jdt.internal.compiler.util.JrtFileSystem$1::visitFile (44 bytes)
Event: 7,048 Thread 0x0000719964104090 nmethod 4498 0x00007199526d4210 code [0x00007199526d4420, 0x00007199526d49f8]
Event: 7,048 Thread 0x0000719964104090 4499       3       jdk.internal.jrtfs.JrtPath::relativize (6 bytes)
Event: 7,048 Thread 0x0000719964104090 nmethod 4499 0x00007199526d4c10 code [0x00007199526d4dc0, 0x00007199526d4ef8]
Event: 7,048 Thread 0x0000719964104090 4500       3       jdk.internal.jrtfs.JrtPath::relativize (375 bytes)

GC Heap History (20 events):
Event: 2,693 GC heap before
{Heap before GC invocations=3 (full 0):
 PSYoungGen      total 29696K, used 29684K [0x00000000eab00000, 0x00000000ecc00000, 0x0000000100000000)
  eden space 25600K, 100% used [0x00000000eab00000,0x00000000ec400000,0x00000000ec400000)
  from space 4096K, 99% used [0x00000000ec800000,0x00000000ecbfd1e8,0x00000000ecc00000)
  to   space 4096K, 0% used [0x00000000ec400000,0x00000000ec400000,0x00000000ec800000)
 ParOldGen       total 68608K, used 2384K [0x00000000c0000000, 0x00000000c4300000, 0x00000000eab00000)
  object space 68608K, 3% used [0x00000000c0000000,0x00000000c0254148,0x00000000c4300000)
 Metaspace       used 9391K, committed 9664K, reserved 1114112K
  class space    used 958K, committed 1088K, reserved 1048576K
}
Event: 2,708 GC heap after
{Heap after GC invocations=3 (full 0):
 PSYoungGen      total 29696K, used 4075K [0x00000000eab00000, 0x00000000ecc00000, 0x0000000100000000)
  eden space 25600K, 0% used [0x00000000eab00000,0x00000000eab00000,0x00000000ec400000)
  from space 4096K, 99% used [0x00000000ec400000,0x00000000ec7fad20,0x00000000ec800000)
  to   space 4096K, 0% used [0x00000000ec800000,0x00000000ec800000,0x00000000ecc00000)
 ParOldGen       total 68608K, used 6170K [0x00000000c0000000, 0x00000000c4300000, 0x00000000eab00000)
  object space 68608K, 8% used [0x00000000c0000000,0x00000000c0606918,0x00000000c4300000)
 Metaspace       used 9391K, committed 9664K, reserved 1114112K
  class space    used 958K, committed 1088K, reserved 1048576K
}
Event: 3,326 GC heap before
{Heap before GC invocations=4 (full 0):
 PSYoungGen      total 29696K, used 29675K [0x00000000eab00000, 0x00000000ecc00000, 0x0000000100000000)
  eden space 25600K, 100% used [0x00000000eab00000,0x00000000ec400000,0x00000000ec400000)
  from space 4096K, 99% used [0x00000000ec400000,0x00000000ec7fad20,0x00000000ec800000)
  to   space 4096K, 0% used [0x00000000ec800000,0x00000000ec800000,0x00000000ecc00000)
 ParOldGen       total 68608K, used 6170K [0x00000000c0000000, 0x00000000c4300000, 0x00000000eab00000)
  object space 68608K, 8% used [0x00000000c0000000,0x00000000c0606918,0x00000000c4300000)
 Metaspace       used 12269K, committed 12672K, reserved 1114112K
  class space    used 1243K, committed 1408K, reserved 1048576K
}
Event: 3,337 GC heap after
{Heap after GC invocations=4 (full 0):
 PSYoungGen      total 29696K, used 4086K [0x00000000eab00000, 0x00000000ecc00000, 0x0000000100000000)
  eden space 25600K, 0% used [0x00000000eab00000,0x00000000eab00000,0x00000000ec400000)
  from space 4096K, 99% used [0x00000000ec800000,0x00000000ecbfd9e8,0x00000000ecc00000)
  to   space 4096K, 0% used [0x00000000ec400000,0x00000000ec400000,0x00000000ec800000)
 ParOldGen       total 68608K, used 7502K [0x00000000c0000000, 0x00000000c4300000, 0x00000000eab00000)
  object space 68608K, 10% used [0x00000000c0000000,0x00000000c0753910,0x00000000c4300000)
 Metaspace       used 12269K, committed 12672K, reserved 1114112K
  class space    used 1243K, committed 1408K, reserved 1048576K
}
Event: 4,126 GC heap before
{Heap before GC invocations=5 (full 0):
 PSYoungGen      total 29696K, used 29686K [0x00000000eab00000, 0x00000000ecc00000, 0x0000000100000000)
  eden space 25600K, 100% used [0x00000000eab00000,0x00000000ec400000,0x00000000ec400000)
  from space 4096K, 99% used [0x00000000ec800000,0x00000000ecbfd9e8,0x00000000ecc00000)
  to   space 4096K, 0% used [0x00000000ec400000,0x00000000ec400000,0x00000000ec800000)
 ParOldGen       total 68608K, used 7502K [0x00000000c0000000, 0x00000000c4300000, 0x00000000eab00000)
  object space 68608K, 10% used [0x00000000c0000000,0x00000000c0753910,0x00000000c4300000)
 Metaspace       used 15748K, committed 16320K, reserved 1114112K
  class space    used 1554K, committed 1792K, reserved 1048576K
}
Event: 4,144 GC heap after
{Heap after GC invocations=5 (full 0):
 PSYoungGen      total 29184K, used 4080K [0x00000000eab00000, 0x00000000ece80000, 0x0000000100000000)
  eden space 25088K, 0% used [0x00000000eab00000,0x00000000eab00000,0x00000000ec380000)
  from space 4096K, 99% used [0x00000000ec400000,0x00000000ec7fc288,0x00000000ec800000)
  to   space 5632K, 0% used [0x00000000ec900000,0x00000000ec900000,0x00000000ece80000)
 ParOldGen       total 68608K, used 8794K [0x00000000c0000000, 0x00000000c4300000, 0x00000000eab00000)
  object space 68608K, 12% used [0x00000000c0000000,0x00000000c0896b10,0x00000000c4300000)
 Metaspace       used 15748K, committed 16320K, reserved 1114112K
  class space    used 1554K, committed 1792K, reserved 1048576K
}
Event: 4,980 GC heap before
{Heap before GC invocations=6 (full 0):
 PSYoungGen      total 29184K, used 29168K [0x00000000eab00000, 0x00000000ece80000, 0x0000000100000000)
  eden space 25088K, 100% used [0x00000000eab00000,0x00000000ec380000,0x00000000ec380000)
  from space 4096K, 99% used [0x00000000ec400000,0x00000000ec7fc288,0x00000000ec800000)
  to   space 5632K, 0% used [0x00000000ec900000,0x00000000ec900000,0x00000000ece80000)
 ParOldGen       total 68608K, used 8794K [0x00000000c0000000, 0x00000000c4300000, 0x00000000eab00000)
  object space 68608K, 12% used [0x00000000c0000000,0x00000000c0896b10,0x00000000c4300000)
 Metaspace       used 18452K, committed 19200K, reserved 1114112K
  class space    used 1847K, committed 2176K, reserved 1048576K
}
Event: 4,993 GC heap after
{Heap after GC invocations=6 (full 0):
 PSYoungGen      total 30208K, used 5385K [0x00000000eab00000, 0x00000000ece80000, 0x0000000100000000)
  eden space 24576K, 0% used [0x00000000eab00000,0x00000000eab00000,0x00000000ec300000)
  from space 5632K, 95% used [0x00000000ec900000,0x00000000ece42700,0x00000000ece80000)
  to   space 5632K, 0% used [0x00000000ec380000,0x00000000ec380000,0x00000000ec900000)
 ParOldGen       total 68608K, used 8802K [0x00000000c0000000, 0x00000000c4300000, 0x00000000eab00000)
  object space 68608K, 12% used [0x00000000c0000000,0x00000000c0898b10,0x00000000c4300000)
 Metaspace       used 18452K, committed 19200K, reserved 1114112K
  class space    used 1847K, committed 2176K, reserved 1048576K
}
Event: 5,362 GC heap before
{Heap before GC invocations=7 (full 0):
 PSYoungGen      total 30208K, used 24533K [0x00000000eab00000, 0x00000000ece80000, 0x0000000100000000)
  eden space 24576K, 77% used [0x00000000eab00000,0x00000000ebdb2e48,0x00000000ec300000)
  from space 5632K, 95% used [0x00000000ec900000,0x00000000ece42700,0x00000000ece80000)
  to   space 5632K, 0% used [0x00000000ec380000,0x00000000ec380000,0x00000000ec900000)
 ParOldGen       total 68608K, used 8802K [0x00000000c0000000, 0x00000000c4300000, 0x00000000eab00000)
  object space 68608K, 12% used [0x00000000c0000000,0x00000000c0898b10,0x00000000c4300000)
 Metaspace       used 20763K, committed 21504K, reserved 1114112K
  class space    used 2090K, committed 2432K, reserved 1048576K
}
Event: 5,376 GC heap after
{Heap after GC invocations=7 (full 0):
 PSYoungGen      total 29184K, used 4493K [0x00000000eab00000, 0x00000000ecd00000, 0x0000000100000000)
  eden space 24576K, 0% used [0x00000000eab00000,0x00000000eab00000,0x00000000ec300000)
  from space 4608K, 97% used [0x00000000ec380000,0x00000000ec7e3458,0x00000000ec800000)
  to   space 5120K, 0% used [0x00000000ec800000,0x00000000ec800000,0x00000000ecd00000)
 ParOldGen       total 68608K, used 10255K [0x00000000c0000000, 0x00000000c4300000, 0x00000000eab00000)
  object space 68608K, 14% used [0x00000000c0000000,0x00000000c0a03cf8,0x00000000c4300000)
 Metaspace       used 20763K, committed 21504K, reserved 1114112K
  class space    used 2090K, committed 2432K, reserved 1048576K
}
Event: 5,376 GC heap before
{Heap before GC invocations=8 (full 1):
 PSYoungGen      total 29184K, used 4493K [0x00000000eab00000, 0x00000000ecd00000, 0x0000000100000000)
  eden space 24576K, 0% used [0x00000000eab00000,0x00000000eab00000,0x00000000ec300000)
  from space 4608K, 97% used [0x00000000ec380000,0x00000000ec7e3458,0x00000000ec800000)
  to   space 5120K, 0% used [0x00000000ec800000,0x00000000ec800000,0x00000000ecd00000)
 ParOldGen       total 68608K, used 10255K [0x00000000c0000000, 0x00000000c4300000, 0x00000000eab00000)
  object space 68608K, 14% used [0x00000000c0000000,0x00000000c0a03cf8,0x00000000c4300000)
 Metaspace       used 20763K, committed 21504K, reserved 1114112K
  class space    used 2090K, committed 2432K, reserved 1048576K
}
Event: 5,457 GC heap after
{Heap after GC invocations=8 (full 1):
 PSYoungGen      total 29184K, used 0K [0x00000000eab00000, 0x00000000ecd00000, 0x0000000100000000)
  eden space 24576K, 0% used [0x00000000eab00000,0x00000000eab00000,0x00000000ec300000)
  from space 4608K, 0% used [0x00000000ec380000,0x00000000ec380000,0x00000000ec800000)
  to   space 5120K, 0% used [0x00000000ec800000,0x00000000ec800000,0x00000000ecd00000)
 ParOldGen       total 68608K, used 13138K [0x00000000c0000000, 0x00000000c4300000, 0x00000000eab00000)
  object space 68608K, 19% used [0x00000000c0000000,0x00000000c0cd4828,0x00000000c4300000)
 Metaspace       used 20750K, committed 21504K, reserved 1114112K
  class space    used 2087K, committed 2432K, reserved 1048576K
}
Event: 5,714 GC heap before
{Heap before GC invocations=9 (full 1):
 PSYoungGen      total 29184K, used 24576K [0x00000000eab00000, 0x00000000ecd00000, 0x0000000100000000)
  eden space 24576K, 100% used [0x00000000eab00000,0x00000000ec300000,0x00000000ec300000)
  from space 4608K, 0% used [0x00000000ec380000,0x00000000ec380000,0x00000000ec800000)
  to   space 5120K, 0% used [0x00000000ec800000,0x00000000ec800000,0x00000000ecd00000)
 ParOldGen       total 68608K, used 13138K [0x00000000c0000000, 0x00000000c4300000, 0x00000000eab00000)
  object space 68608K, 19% used [0x00000000c0000000,0x00000000c0cd4828,0x00000000c4300000)
 Metaspace       used 23345K, committed 24064K, reserved 1114112K
  class space    used 2257K, committed 2560K, reserved 1048576K
}
Event: 5,717 GC heap after
{Heap after GC invocations=9 (full 1):
 PSYoungGen      total 24576K, used 192K [0x00000000eab00000, 0x00000000ec880000, 0x0000000100000000)
  eden space 24064K, 0% used [0x00000000eab00000,0x00000000eab00000,0x00000000ec280000)
  from space 512K, 37% used [0x00000000ec800000,0x00000000ec830000,0x00000000ec880000)
  to   space 2048K, 0% used [0x00000000ec480000,0x00000000ec480000,0x00000000ec680000)
 ParOldGen       total 68608K, used 13138K [0x00000000c0000000, 0x00000000c4300000, 0x00000000eab00000)
  object space 68608K, 19% used [0x00000000c0000000,0x00000000c0cd4828,0x00000000c4300000)
 Metaspace       used 23345K, committed 24064K, reserved 1114112K
  class space    used 2257K, committed 2560K, reserved 1048576K
}
Event: 5,945 GC heap before
{Heap before GC invocations=10 (full 1):
 PSYoungGen      total 24576K, used 24256K [0x00000000eab00000, 0x00000000ec880000, 0x0000000100000000)
  eden space 24064K, 100% used [0x00000000eab00000,0x00000000ec280000,0x00000000ec280000)
  from space 512K, 37% used [0x00000000ec800000,0x00000000ec830000,0x00000000ec880000)
  to   space 2048K, 0% used [0x00000000ec480000,0x00000000ec480000,0x00000000ec680000)
 ParOldGen       total 68608K, used 13138K [0x00000000c0000000, 0x00000000c4300000, 0x00000000eab00000)
  object space 68608K, 19% used [0x00000000c0000000,0x00000000c0cd4828,0x00000000c4300000)
 Metaspace       used 25719K, committed 26432K, reserved 1114112K
  class space    used 2436K, committed 2752K, reserved 1048576K
}
Event: 5,949 GC heap after
{Heap after GC invocations=10 (full 1):
 PSYoungGen      total 25600K, used 1307K [0x00000000eab00000, 0x00000000ec880000, 0x0000000100000000)
  eden space 23552K, 0% used [0x00000000eab00000,0x00000000eab00000,0x00000000ec200000)
  from space 2048K, 63% used [0x00000000ec480000,0x00000000ec5c6da0,0x00000000ec680000)
  to   space 2048K, 0% used [0x00000000ec680000,0x00000000ec680000,0x00000000ec880000)
 ParOldGen       total 68608K, used 13919K [0x00000000c0000000, 0x00000000c4300000, 0x00000000eab00000)
  object space 68608K, 20% used [0x00000000c0000000,0x00000000c0d97d38,0x00000000c4300000)
 Metaspace       used 25719K, committed 26432K, reserved 1114112K
  class space    used 2436K, committed 2752K, reserved 1048576K
}
Event: 6,326 GC heap before
{Heap before GC invocations=11 (full 1):
 PSYoungGen      total 25600K, used 24859K [0x00000000eab00000, 0x00000000ec880000, 0x0000000100000000)
  eden space 23552K, 100% used [0x00000000eab00000,0x00000000ec200000,0x00000000ec200000)
  from space 2048K, 63% used [0x00000000ec480000,0x00000000ec5c6da0,0x00000000ec680000)
  to   space 2048K, 0% used [0x00000000ec680000,0x00000000ec680000,0x00000000ec880000)
 ParOldGen       total 68608K, used 13919K [0x00000000c0000000, 0x00000000c4300000, 0x00000000eab00000)
  object space 68608K, 20% used [0x00000000c0000000,0x00000000c0d97d38,0x00000000c4300000)
 Metaspace       used 28464K, committed 29376K, reserved 1114112K
  class space    used 2679K, committed 3136K, reserved 1048576K
}
Event: 6,335 GC heap after
{Heap after GC invocations=11 (full 1):
 PSYoungGen      total 25088K, used 2021K [0x00000000eab00000, 0x00000000ec880000, 0x0000000100000000)
  eden space 23040K, 0% used [0x00000000eab00000,0x00000000eab00000,0x00000000ec180000)
  from space 2048K, 98% used [0x00000000ec680000,0x00000000ec879738,0x00000000ec880000)
  to   space 3072K, 0% used [0x00000000ec280000,0x00000000ec280000,0x00000000ec580000)
 ParOldGen       total 68608K, used 14527K [0x00000000c0000000, 0x00000000c4300000, 0x00000000eab00000)
  object space 68608K, 21% used [0x00000000c0000000,0x00000000c0e2fe20,0x00000000c4300000)
 Metaspace       used 28464K, committed 29376K, reserved 1114112K
  class space    used 2679K, committed 3136K, reserved 1048576K
}
Event: 6,723 GC heap before
{Heap before GC invocations=12 (full 1):
 PSYoungGen      total 25088K, used 25050K [0x00000000eab00000, 0x00000000ec880000, 0x0000000100000000)
  eden space 23040K, 99% used [0x00000000eab00000,0x00000000ec17d138,0x00000000ec180000)
  from space 2048K, 98% used [0x00000000ec680000,0x00000000ec879738,0x00000000ec880000)
  to   space 3072K, 0% used [0x00000000ec280000,0x00000000ec280000,0x00000000ec580000)
 ParOldGen       total 68608K, used 14527K [0x00000000c0000000, 0x00000000c4300000, 0x00000000eab00000)
  object space 68608K, 21% used [0x00000000c0000000,0x00000000c0e2fe20,0x00000000c4300000)
 Metaspace       used 31740K, committed 32704K, reserved 1114112K
  class space    used 3078K, committed 3520K, reserved 1048576K
}
Event: 6,732 GC heap after
{Heap after GC invocations=12 (full 1):
 PSYoungGen      total 24064K, used 1533K [0x00000000eab00000, 0x00000000ec700000, 0x0000000100000000)
  eden space 22528K, 0% used [0x00000000eab00000,0x00000000eab00000,0x00000000ec100000)
  from space 1536K, 99% used [0x00000000ec280000,0x00000000ec3ff6e0,0x00000000ec400000)
  to   space 2048K, 0% used [0x00000000ec500000,0x00000000ec500000,0x00000000ec700000)
 ParOldGen       total 68608K, used 16522K [0x00000000c0000000, 0x00000000c4300000, 0x00000000eab00000)
  object space 68608K, 24% used [0x00000000c0000000,0x00000000c1022ab8,0x00000000c4300000)
 Metaspace       used 31740K, committed 32704K, reserved 1114112K
  class space    used 3078K, committed 3520K, reserved 1048576K
}

Dll operation events (9 events):
Event: 0,004 Loaded shared library /home/elves/.vscode/extensions/redhat.java-1.42.0-linux-x64/jre/21.0.7-linux-x86_64/lib/libjava.so
Event: 0,108 Loaded shared library /home/elves/.vscode/extensions/redhat.java-1.42.0-linux-x64/jre/21.0.7-linux-x86_64/lib/libzip.so
Event: 0,150 Loaded shared library /home/elves/.vscode/extensions/redhat.java-1.42.0-linux-x64/jre/21.0.7-linux-x86_64/lib/libinstrument.so
Event: 0,153 Loaded shared library /home/elves/.vscode/extensions/redhat.java-1.42.0-linux-x64/jre/21.0.7-linux-x86_64/lib/libnio.so
Event: 0,157 Loaded shared library /home/elves/.vscode/extensions/redhat.java-1.42.0-linux-x64/jre/21.0.7-linux-x86_64/lib/libzip.so
Event: 0,189 Loaded shared library /home/elves/.vscode/extensions/redhat.java-1.42.0-linux-x64/jre/21.0.7-linux-x86_64/lib/libjimage.so
Event: 0,284 Loaded shared library /home/elves/.vscode/extensions/redhat.java-1.42.0-linux-x64/jre/21.0.7-linux-x86_64/lib/libverify.so
Event: 1,596 Loaded shared library /home/elves/.vscode/extensions/redhat.java-1.42.0-linux-x64/jre/21.0.7-linux-x86_64/lib/libnet.so
Event: 2,205 Loaded shared library /home/elves/.config/Code/User/globalStorage/redhat.java/1.42.0/config_linux/org.eclipse.equinox.launcher/org.eclipse.equinox.launcher.gtk.linux.x86_64_1.2.1400.v20250331-1702/eclipse_11911.so

Deoptimization events (20 events):
Event: 6,481 Thread 0x00007198bc1ced40 Uncommon trap: trap_request=0xffffff45 fr.pc=0x00007199598fd044 relative=0x00000000000006c4
Event: 6,481 Thread 0x00007198bc1ced40 Uncommon trap: reason=unstable_if action=reinterpret pc=0x00007199598fd044 method=java.lang.String.replace(Ljava/lang/CharSequence;Ljava/lang/CharSequence;)Ljava/lang/String; @ 48 c2
Event: 6,481 Thread 0x00007198bc1ced40 DEOPT PACKING pc=0x00007199598fd044 sp=0x0000719950481a20
Event: 6,481 Thread 0x00007198bc1ced40 DEOPT UNPACKING pc=0x000071995938a399 sp=0x00007199504819b0 mode 2
Event: 6,548 Thread 0x00007198a4001080 Uncommon trap: trap_request=0xffffff45 fr.pc=0x0000719959973c48 relative=0x0000000000000228
Event: 6,548 Thread 0x00007198a4001080 Uncommon trap: reason=unstable_if action=reinterpret pc=0x0000719959973c48 method=java.lang.CharacterDataLatin1.equalsIgnoreCase(BB)Z @ 54 c2
Event: 6,548 Thread 0x00007198a4001080 DEOPT PACKING pc=0x0000719959973c48 sp=0x0000719950382090
Event: 6,548 Thread 0x00007198a4001080 DEOPT UNPACKING pc=0x000071995938a399 sp=0x0000719950381fa8 mode 2
Event: 6,548 Thread 0x00007198a4001080 Uncommon trap: trap_request=0xffffff45 fr.pc=0x00007199599726cc relative=0x000000000000004c
Event: 6,548 Thread 0x00007198a4001080 Uncommon trap: reason=unstable_if action=reinterpret pc=0x00007199599726cc method=java.lang.CharacterDataLatin1.equalsIgnoreCase(BB)Z @ 54 c2
Event: 6,548 Thread 0x00007198a4001080 DEOPT PACKING pc=0x00007199599726cc sp=0x0000719950381ff0
Event: 6,548 Thread 0x00007198a4001080 DEOPT UNPACKING pc=0x000071995938a399 sp=0x0000719950381fa0 mode 2
Event: 6,588 Thread 0x00007198bc1ced40 Uncommon trap: trap_request=0xffffff45 fr.pc=0x0000719959a36980 relative=0x0000000000005100
Event: 6,588 Thread 0x00007198bc1ced40 Uncommon trap: reason=unstable_if action=reinterpret pc=0x0000719959a36980 method=java.lang.invoke.MethodType.genericMethodType(IZ)Ljava/lang/invoke/MethodType; @ 27 c2
Event: 6,588 Thread 0x00007198bc1ced40 DEOPT PACKING pc=0x0000719959a36980 sp=0x000071995047fce0
Event: 6,588 Thread 0x00007198bc1ced40 DEOPT UNPACKING pc=0x000071995938a399 sp=0x000071995047faf0 mode 2
Event: 6,676 Thread 0x0000719964531dc0 Uncommon trap: trap_request=0xffffff45 fr.pc=0x0000719959a0cf74 relative=0x0000000000000414
Event: 6,676 Thread 0x0000719964531dc0 Uncommon trap: reason=unstable_if action=reinterpret pc=0x0000719959a0cf74 method=java.util.regex.Pattern$BmpCharPropertyGreedy.match(Ljava/util/regex/Matcher;ILjava/lang/CharSequence;)Z @ 12 c2
Event: 6,676 Thread 0x0000719964531dc0 DEOPT PACKING pc=0x0000719959a0cf74 sp=0x0000719950a81310
Event: 6,676 Thread 0x0000719964531dc0 DEOPT UNPACKING pc=0x000071995938a399 sp=0x0000719950a812c8 mode 2

Classes loaded (20 events):
Event: 6,967 Loading class sun/reflect/generics/repository/ConstructorRepository done
Event: 6,967 Loading class sun/reflect/generics/repository/MethodRepository done
Event: 6,967 Loading class sun/reflect/generics/tree/MethodTypeSignature
Event: 6,967 Loading class sun/reflect/generics/tree/MethodTypeSignature done
Event: 6,968 Loading class sun/reflect/generics/reflectiveObjects/ParameterizedTypeImpl
Event: 6,969 Loading class java/lang/reflect/ParameterizedType
Event: 6,969 Loading class java/lang/reflect/ParameterizedType done
Event: 6,969 Loading class sun/reflect/generics/reflectiveObjects/ParameterizedTypeImpl done
Event: 6,969 Loading class sun/reflect/generics/tree/TypeVariableSignature
Event: 6,969 Loading class sun/reflect/generics/tree/TypeVariableSignature done
Event: 6,972 Loading class sun/reflect/generics/reflectiveObjects/TypeVariableImpl
Event: 6,973 Loading class sun/reflect/generics/reflectiveObjects/LazyReflectiveObjectGenerator
Event: 6,973 Loading class sun/reflect/generics/reflectiveObjects/LazyReflectiveObjectGenerator done
Event: 6,973 Loading class sun/reflect/generics/reflectiveObjects/TypeVariableImpl done
Event: 6,982 Loading class java/util/concurrent/atomic/AtomicLongArray
Event: 6,986 Loading class java/util/concurrent/atomic/AtomicLongArray done
Event: 7,026 Loading class java/lang/reflect/WildcardType
Event: 7,026 Loading class java/lang/reflect/WildcardType done
Event: 7,031 Loading class jdk/internal/vm/annotation/IntrinsicCandidate
Event: 7,032 Loading class jdk/internal/vm/annotation/IntrinsicCandidate done

Classes unloaded (7 events):
Event: 5,394 Thread 0x00007199640e80f0 Unloading class 0x000071990a199c00 'java/lang/invoke/LambdaForm$MH+0x000071990a199c00'
Event: 5,394 Thread 0x00007199640e80f0 Unloading class 0x000071990a199800 'java/lang/invoke/LambdaForm$MH+0x000071990a199800'
Event: 5,394 Thread 0x00007199640e80f0 Unloading class 0x000071990a199400 'java/lang/invoke/LambdaForm$MH+0x000071990a199400'
Event: 5,394 Thread 0x00007199640e80f0 Unloading class 0x000071990a199000 'java/lang/invoke/LambdaForm$MH+0x000071990a199000'
Event: 5,394 Thread 0x00007199640e80f0 Unloading class 0x000071990a198c00 'java/lang/invoke/LambdaForm$BMH+0x000071990a198c00'
Event: 5,394 Thread 0x00007199640e80f0 Unloading class 0x000071990a198800 'java/lang/invoke/LambdaForm$DMH+0x000071990a198800'
Event: 5,394 Thread 0x00007199640e80f0 Unloading class 0x000071990a193400 'java/lang/invoke/LambdaForm$DMH+0x000071990a193400'

Classes redefined (0 events):
No events

Internal exceptions (20 events):
Event: 6,322 Thread 0x00007198a4001080 Exception <a 'java/lang/NoSuchMethodError'{0x00000000ec1e8c18}: 'int java.lang.invoke.DirectMethodHandle$Holder.invokeStaticInit(java.lang.Object, long, long)'> (0x00000000ec1e8c18) 
thrown [src/hotspot/share/interpreter/linkResolver.cpp, line 772]
Event: 6,325 Thread 0x00007198a4001080 Exception <a 'java/lang/NoSuchMethodError'{0x00000000ec1f6da0}: 'int java.lang.invoke.DirectMethodHandle$Holder.invokeStaticInit(java.lang.Object, float, float)'> (0x00000000ec1f6da0) 
thrown [src/hotspot/share/interpreter/linkResolver.cpp, line 772]
Event: 6,337 Thread 0x00007198a4001080 Exception <a 'java/lang/NoSuchMethodError'{0x00000000eab76170}: 'int java.lang.invoke.DirectMethodHandle$Holder.invokeStaticInit(java.lang.Object, double, double)'> (0x00000000eab76170) 
thrown [src/hotspot/share/interpreter/linkResolver.cpp, line 772]
Event: 6,339 Thread 0x00007198a4001080 Exception <a 'java/lang/NoSuchMethodError'{0x00000000eab7a820}: 'int java.lang.invoke.DirectMethodHandle$Holder.invokeStatic(java.lang.Object, long)'> (0x00000000eab7a820) 
thrown [src/hotspot/share/interpreter/linkResolver.cpp, line 772]
Event: 6,349 Thread 0x00007198a4001080 Exception <a 'java/lang/NoSuchMethodError'{0x00000000eabd2bb8}: 'int java.lang.invoke.Invokers$Holder.linkToTargetMethod(java.lang.Object, java.lang.Object)'> (0x00000000eabd2bb8) 
thrown [src/hotspot/share/interpreter/linkResolver.cpp, line 772]
Event: 6,354 Thread 0x0000719898001710 Exception <a 'java/lang/NoSuchMethodError'{0x00000000eabe4f90}: 'int java.lang.invoke.DirectMethodHandle$Holder.invokeSpecial(java.lang.Object, java.lang.Object, java.lang.Object, java.lang.Object)'> (0x00000000eabe4f90) 
thrown [src/hotspot/share/interpreter/linkResolver.cpp, line 772]
Event: 6,356 Thread 0x00007198bc1ced40 Exception <a 'java/lang/NoSuchMethodError'{0x00000000eabfeab8}: 'void java.lang.invoke.DirectMethodHandle$Holder.invokeVirtual(java.lang.Object, java.lang.Object, java.lang.Object, java.lang.Object)'> (0x00000000eabfeab8) 
thrown [src/hotspot/share/interpreter/linkResolver.cpp, line 772]
Event: 6,362 Thread 0x0000719898001710 Exception <a 'java/lang/NoSuchMethodError'{0x00000000eac1ef50}: 'java.lang.Object java.lang.invoke.DirectMethodHandle$Holder.invokeStatic(java.lang.Object, int, java.lang.Object, java.lang.Object)'> (0x00000000eac1ef50) 
thrown [src/hotspot/share/interpreter/linkResolver.cpp, line 772]
Event: 6,362 Thread 0x0000719898001710 Exception <a 'java/lang/NoSuchMethodError'{0x00000000eac22730}: 'java.lang.Object java.lang.invoke.DelegatingMethodHandle$Holder.delegate(java.lang.Object, int, java.lang.Object, java.lang.Object)'> (0x00000000eac22730) 
thrown [src/hotspot/share/interpreter/linkResolver.cpp, line 772]
Event: 6,372 Thread 0x0000719898001710 Exception <a 'java/lang/NoSuchMethodError'{0x00000000eac5bf88}: 'int java.lang.invoke.Invokers$Holder.linkToTargetMethod(java.lang.Object, java.lang.Object, java.lang.Object)'> (0x00000000eac5bf88) 
thrown [src/hotspot/share/interpreter/linkResolver.cpp, line 772]
Event: 6,423 Thread 0x0000719964531dc0 Exception <a 'java/lang/ClassNotFoundException'{0x00000000eae72c88}: com/sun/org/apache/xml/internal/serializer/spi/XMLEntitiesProvider> (0x00000000eae72c88) 
thrown [src/hotspot/share/classfile/systemDictionary.cpp, line 312]
Event: 6,493 Thread 0x00007198a4001080 Exception <a 'java/lang/NoSuchMethodError'{0x00000000eb152858}: 'java.lang.Object java.lang.invoke.DirectMethodHandle$Holder.invokeSpecialIFC(java.lang.Object, java.lang.Object, java.lang.Object, java.lang.Object)'> (0x00000000eb152858) 
thrown [src/hotspot/share/interpreter/linkResolver.cpp, line 772]
Event: 6,578 Thread 0x00007198bc1ced40 Exception <a 'java/lang/NoSuchMethodError'{0x00000000eb6b7d18}: 'java.lang.Object java.lang.invoke.DelegatingMethodHandle$Holder.reinvoke_L(java.lang.Object, int, long, java.lang.Object, java.lang.Object, int, java.lang.Object)'> (0x00000000eb6b7d18) 
thrown [src/hotspot/share/interpreter/linkResolver.cpp, line 772]
Event: 6,629 Thread 0x0000719964531dc0 Exception <a 'java/io/FileNotFoundException'{0x00000000eba39608}> (0x00000000eba39608) 
thrown [src/hotspot/share/prims/jni.cpp, line 520]
Event: 6,651 Thread 0x0000719964531dc0 Exception <a 'java/io/FileNotFoundException'{0x00000000ebb57f68}> (0x00000000ebb57f68) 
thrown [src/hotspot/share/prims/jni.cpp, line 520]
Event: 6,665 Thread 0x0000719964531dc0 Exception <a 'java/io/FileNotFoundException'{0x00000000ebcc18a0}> (0x00000000ebcc18a0) 
thrown [src/hotspot/share/prims/jni.cpp, line 520]
Event: 6,814 Thread 0x0000719894000ff0 Exception <a 'java/lang/NoSuchMethodError'{0x00000000eb0cb068}: 'void java.lang.invoke.DirectMethodHandle$Holder.invokeStaticInit(java.lang.Object, java.lang.Object, java.lang.Object, java.lang.Object)'> (0x00000000eb0cb068) 
thrown [src/hotspot/share/interpreter/linkResolver.cpp, line 772]
Event: 6,838 Thread 0x000071996402abc0 Exception <a 'java/lang/NoSuchMethodError'{0x00000000eb2a52e8}: 'java.lang.Object java.lang.invoke.DirectMethodHandle$Holder.invokeStatic(java.lang.Object, long, java.lang.Object)'> (0x00000000eb2a52e8) 
thrown [src/hotspot/share/interpreter/linkResolver.cpp, line 772]
Event: 6,838 Thread 0x000071996402abc0 Exception <a 'java/lang/NoSuchMethodError'{0x00000000eb2af7c0}: 'java.lang.Object java.lang.invoke.DirectMethodHandle$Holder.invokeStaticInit(java.lang.Object, long, java.lang.Object)'> (0x00000000eb2af7c0) 
thrown [src/hotspot/share/interpreter/linkResolver.cpp, line 772]
Event: 6,846 Thread 0x000071996402abc0 Exception <a 'java/lang/NoSuchMethodError'{0x00000000eb2f7a78}: 'java.lang.Object java.lang.invoke.DirectMethodHandle$Holder.newInvokeSpecial(java.lang.Object, long)'> (0x00000000eb2f7a78) 
thrown [src/hotspot/share/interpreter/linkResolver.cpp, line 772]

ZGC Phase Switch (0 events):
No events

VM Operations (20 events):
Event: 5,945 Executing VM operation: ParallelGCFailedAllocation (Allocation Failure)
Event: 5,949 Executing VM operation: ParallelGCFailedAllocation (Allocation Failure) done
Event: 6,044 Executing VM operation: HandshakeAllThreads (Deoptimize)
Event: 6,044 Executing VM operation: HandshakeAllThreads (Deoptimize) done
Event: 6,326 Executing VM operation: ParallelGCFailedAllocation (Allocation Failure)
Event: 6,335 Executing VM operation: ParallelGCFailedAllocation (Allocation Failure) done
Event: 6,374 Executing VM operation: HandshakeAllThreads (Deoptimize)
Event: 6,375 Executing VM operation: HandshakeAllThreads (Deoptimize) done
Event: 6,419 Executing VM operation: HandshakeAllThreads (Deoptimize)
Event: 6,420 Executing VM operation: HandshakeAllThreads (Deoptimize) done
Event: 6,502 Executing VM operation: HandshakeAllThreads (Deoptimize)
Event: 6,502 Executing VM operation: HandshakeAllThreads (Deoptimize) done
Event: 6,529 Executing VM operation: HandshakeAllThreads (Deoptimize)
Event: 6,529 Executing VM operation: HandshakeAllThreads (Deoptimize) done
Event: 6,535 Executing VM operation: HandshakeAllThreads (Deoptimize)
Event: 6,537 Executing VM operation: HandshakeAllThreads (Deoptimize) done
Event: 6,620 Executing VM operation: HandshakeAllThreads (Deoptimize)
Event: 6,623 Executing VM operation: HandshakeAllThreads (Deoptimize) done
Event: 6,723 Executing VM operation: ParallelGCFailedAllocation (Allocation Failure)
Event: 6,732 Executing VM operation: ParallelGCFailedAllocation (Allocation Failure) done

Memory protections (20 events):
Event: 0,282 Protecting memory [0x0000719951187000,0x000071995118b000] with protection modes 0
Event: 0,384 Protecting memory [0x0000719951087000,0x000071995108b000] with protection modes 0
Event: 1,994 Protecting memory [0x0000719950c84000,0x0000719950c88000] with protection modes 0
Event: 2,202 Protecting memory [0x0000719950b84000,0x0000719950b88000] with protection modes 0
Event: 2,261 Protecting memory [0x0000719950a84000,0x0000719950a88000] with protection modes 0
Event: 2,265 Protecting memory [0x0000719950984000,0x0000719950988000] with protection modes 0
Event: 2,691 Protecting memory [0x0000719950884000,0x0000719950888000] with protection modes 0
Event: 2,896 Protecting memory [0x0000719950784000,0x0000719950788000] with protection modes 0
Event: 3,017 Protecting memory [0x0000719950684000,0x0000719950688000] with protection modes 0
Event: 3,803 Protecting memory [0x0000719950584000,0x0000719950588000] with protection modes 0
Event: 4,304 Protecting memory [0x0000719950484000,0x0000719950488000] with protection modes 0
Event: 4,333 Protecting memory [0x0000719950384000,0x0000719950388000] with protection modes 0
Event: 4,589 Protecting memory [0x0000719950284000,0x0000719950288000] with protection modes 0
Event: 6,150 Protecting memory [0x0000719950184000,0x0000719950188000] with protection modes 0
Event: 6,244 Protecting memory [0x0000719950084000,0x0000719950088000] with protection modes 0
Event: 6,313 Protecting memory [0x0000719908f00000,0x0000719908f04000] with protection modes 0
Event: 6,676 Protecting memory [0x0000719908e00000,0x0000719908e04000] with protection modes 0
Event: 6,717 Protecting memory [0x0000719908d00000,0x0000719908d04000] with protection modes 0
Event: 6,798 Protecting memory [0x0000719908c00000,0x0000719908c04000] with protection modes 0
Event: 6,908 Protecting memory [0x000071990892c000,0x0000719908930000] with protection modes 0

Nmethod flushes (0 events):
No events

Events (20 events):
Event: 0,282 Thread 0x0000719964104090 Thread added: 0x00007198e406a060
Event: 0,383 Thread 0x000071996402abc0 Thread added: 0x00007199642a8610
Event: 1,993 Thread 0x000071996402abc0 Thread added: 0x00007199644d31d0
Event: 2,202 Thread 0x000071996402abc0 Thread added: 0x000071996452ee10
Event: 2,261 Thread 0x000071996452ee10 Thread added: 0x00007198c401b120
Event: 2,265 Thread 0x000071996402abc0 Thread added: 0x0000719964531dc0
Event: 2,690 Thread 0x0000719964531dc0 Thread added: 0x00007198bc23e330
Event: 2,896 Thread 0x0000719964531dc0 Thread added: 0x00007198bc478740
Event: 3,017 Thread 0x0000719964531dc0 Thread added: 0x00007198bc4c37c0
Event: 3,803 Thread 0x0000719964531dc0 Thread added: 0x00007198bc435560
Event: 4,304 Thread 0x0000719964531dc0 Thread added: 0x00007198bc1c9a80
Event: 4,333 Thread 0x0000719964531dc0 Thread added: 0x00007198bc1ced40
Event: 4,588 Thread 0x00007198bc1ced40 Thread added: 0x00007198a4001080
Event: 6,150 Thread 0x0000719964531dc0 Thread added: 0x00007198bca3b9b0
Event: 6,241 Thread 0x00007198a4001080 Thread added: 0x0000719898001710
Event: 6,312 Thread 0x0000719898001710 Thread added: 0x0000719890000ff0
Event: 6,674 Thread 0x0000719890000ff0 Thread added: 0x0000719894000ff0
Event: 6,717 Thread 0x0000719894000ff0 Thread added: 0x00005ce74d3aebf0
Event: 6,798 Thread 0x00005ce74d3aebf0 Thread added: 0x0000719894047330
Event: 6,905 Thread 0x000071996402abc0 Thread added: 0x0000719964334ba0


Dynamic libraries:
c0000000-c4300000 rw-p 00000000 00:00 0 
c4300000-eab00000 ---p 00000000 00:00 0 
eab00000-ec700000 rw-p 00000000 00:00 0 
ec700000-100000000 ---p 00000000 00:00 0 
5ce711e68000-5ce711e69000 r-xp 00000000 08:03 526462                     /home/elves/.vscode/extensions/redhat.java-1.42.0-linux-x64/jre/21.0.7-linux-x86_64/bin/java
5ce711e6a000-5ce711e6b000 r--p 00001000 08:03 526462                     /home/elves/.vscode/extensions/redhat.java-1.42.0-linux-x64/jre/21.0.7-linux-x86_64/bin/java
5ce711e6b000-5ce711e6c000 rw-p 00002000 08:03 526462                     /home/elves/.vscode/extensions/redhat.java-1.42.0-linux-x64/jre/21.0.7-linux-x86_64/bin/java
5ce74d3ab000-5ce74d4bd000 rw-p 00000000 00:00 0                          [heap]
719887800000-71988fe1e000 r--s 00000000 08:03 10891929                   /usr/lib/jvm/java-21-openjdk-amd64/lib/modules
719890000000-719890021000 rw-p 00000000 00:00 0 
719890021000-719894000000 ---p 00000000 00:00 0 
719894000000-71989405b000 rw-p 00000000 00:00 0 
71989405b000-719898000000 ---p 00000000 00:00 0 
719898000000-7198981a5000 rw-p 00000000 00:00 0 
7198981a5000-71989c000000 ---p 00000000 00:00 0 
71989c000000-71989c021000 rw-p 00000000 00:00 0 
71989c021000-7198a0000000 ---p 00000000 00:00 0 
7198a0000000-7198a0021000 rw-p 00000000 00:00 0 
7198a0021000-7198a4000000 ---p 00000000 00:00 0 
7198a4000000-7198a4283000 rw-p 00000000 00:00 0 
7198a4283000-7198a8000000 ---p 00000000 00:00 0 
7198a8000000-7198a8021000 rw-p 00000000 00:00 0 
7198a8021000-7198ac000000 ---p 00000000 00:00 0 
7198ac000000-7198ac021000 rw-p 00000000 00:00 0 
7198ac021000-7198b0000000 ---p 00000000 00:00 0 
7198b0000000-7198b0021000 rw-p 00000000 00:00 0 
7198b0021000-7198b4000000 ---p 00000000 00:00 0 
7198b4000000-7198b4021000 rw-p 00000000 00:00 0 
7198b4021000-7198b8000000 ---p 00000000 00:00 0 
7198b8000000-7198b8021000 rw-p 00000000 00:00 0 
7198b8021000-7198bc000000 ---p 00000000 00:00 0 
7198bc000000-7198bcb3b000 rw-p 00000000 00:00 0 
7198bcb3b000-7198c0000000 ---p 00000000 00:00 0 
7198c0000000-7198c0021000 rw-p 00000000 00:00 0 
7198c0021000-7198c4000000 ---p 00000000 00:00 0 
7198c4000000-7198c4022000 rw-p 00000000 00:00 0 
7198c4022000-7198c8000000 ---p 00000000 00:00 0 
7198c8000000-7198c8021000 rw-p 00000000 00:00 0 
7198c8021000-7198cc000000 ---p 00000000 00:00 0 
7198cc000000-7198cc021000 rw-p 00000000 00:00 0 
7198cc021000-7198d0000000 ---p 00000000 00:00 0 
7198d0000000-7198d0021000 rw-p 00000000 00:00 0 
7198d0021000-7198d4000000 ---p 00000000 00:00 0 
7198d4000000-7198d4021000 rw-p 00000000 00:00 0 
7198d4021000-7198d8000000 ---p 00000000 00:00 0 
7198d8000000-7198d8021000 rw-p 00000000 00:00 0 
7198d8021000-7198dc000000 ---p 00000000 00:00 0 
7198dc000000-7198dd079000 rw-p 00000000 00:00 0 
7198dd079000-7198e0000000 ---p 00000000 00:00 0 
7198e0000000-7198e0c5a000 rw-p 00000000 00:00 0 
7198e0c5a000-7198e4000000 ---p 00000000 00:00 0 
7198e4000000-7198e465e000 rw-p 00000000 00:00 0 
7198e465e000-7198e8000000 ---p 00000000 00:00 0 
7198e8000000-7198e8021000 rw-p 00000000 00:00 0 
7198e8021000-7198ec000000 ---p 00000000 00:00 0 
7198ec000000-7198ec021000 rw-p 00000000 00:00 0 
7198ec021000-7198f0000000 ---p 00000000 00:00 0 
7198f0000000-7198f0021000 rw-p 00000000 00:00 0 
7198f0021000-7198f4000000 ---p 00000000 00:00 0 
7198f4000000-7198f4021000 rw-p 00000000 00:00 0 
7198f4021000-7198f8000000 ---p 00000000 00:00 0 
7198f8000000-7198f8021000 rw-p 00000000 00:00 0 
7198f8021000-7198fc000000 ---p 00000000 00:00 0 
7198fc000000-7198fc021000 rw-p 00000000 00:00 0 
7198fc021000-719900000000 ---p 00000000 00:00 0 
719900000000-7199003f0000 rw-p 00000000 00:00 0 
7199003f0000-719900770000 rw-p 00000000 00:00 0 
719900770000-7199007f0000 rw-p 00000000 00:00 0 
7199007f0000-7199009f0000 rw-p 00000000 00:00 0 
7199009f0000-719900bf0000 rw-p 00000000 00:00 0 
719900bf0000-7199011b0000 rw-p 00000000 00:00 0 
7199011b0000-7199011f0000 rw-p 00000000 00:00 0 
7199011f0000-7199018f0000 rw-p 00000000 00:00 0 
7199018f0000-7199019f0000 rw-p 00000000 00:00 0 
7199019f0000-719901d70000 rw-p 00000000 00:00 0 
719901d70000-719901de0000 rw-p 00000000 00:00 0 
719901de0000-719901e00000 ---p 00000000 00:00 0 
719901e00000-719901f00000 rw-p 00000000 00:00 0 
719901f00000-719904000000 ---p 00000000 00:00 0 
719904000000-719904021000 rw-p 00000000 00:00 0 
719904021000-719908000000 ---p 00000000 00:00 0 
719908217000-71990892c000 rw-p 00000000 00:00 0 
71990892c000-719908930000 ---p 00000000 00:00 0 
719908930000-719908a2c000 rw-p 00000000 00:00 0 
719908c00000-719908c04000 ---p 00000000 00:00 0 
719908c04000-719908d00000 rw-p 00000000 00:00 0 
719908d00000-719908d04000 ---p 00000000 00:00 0 
719908d04000-719908e00000 rw-p 00000000 00:00 0 
719908e00000-719908e04000 ---p 00000000 00:00 0 
719908e04000-719908f00000 rw-p 00000000 00:00 0 
719908f00000-719908f04000 ---p 00000000 00:00 0 
719908f04000-719909000000 rw-p 00000000 00:00 0 
719909000000-719909bb6000 rw-p 00001000 08:03 525488                     /home/elves/.vscode/extensions/redhat.java-1.42.0-linux-x64/jre/21.0.7-linux-x86_64/lib/server/classes.jsa
719909bb6000-71990a000000 ---p 00000000 00:00 0 
71990a000000-71990a030000 rw-p 00000000 00:00 0 
71990a030000-71990a0b0000 rw-p 00000000 00:00 0 
71990a0b0000-71990a0f0000 rw-p 00000000 00:00 0 
71990a0f0000-71990a2f0000 rw-p 00000000 00:00 0 
71990a2f0000-71990a3d0000 rw-p 00000000 00:00 0 
71990a3d0000-71994a000000 ---p 00000000 00:00 0 
71994a000000-71994c021000 rw-p 00000000 00:00 0 
71994c021000-719950000000 ---p 00000000 00:00 0 
719950084000-719950088000 ---p 00000000 00:00 0 
719950088000-719950184000 rw-p 00000000 00:00 0 
719950184000-719950188000 ---p 00000000 00:00 0 
719950188000-719950284000 rw-p 00000000 00:00 0 
719950284000-719950288000 ---p 00000000 00:00 0 
719950288000-719950384000 rw-p 00000000 00:00 0 
719950384000-719950388000 ---p 00000000 00:00 0 
719950388000-719950484000 rw-p 00000000 00:00 0 
719950484000-719950488000 ---p 00000000 00:00 0 
719950488000-719950584000 rw-p 00000000 00:00 0 
719950584000-719950588000 ---p 00000000 00:00 0 
719950588000-719950684000 rw-p 00000000 00:00 0 
719950684000-719950688000 ---p 00000000 00:00 0 
719950688000-719950784000 rw-p 00000000 00:00 0 
719950784000-719950788000 ---p 00000000 00:00 0 
719950788000-719950884000 rw-p 00000000 00:00 0 
719950884000-719950888000 ---p 00000000 00:00 0 
719950888000-719950984000 rw-p 00000000 00:00 0 
719950984000-719950988000 ---p 00000000 00:00 0 
719950988000-719950a84000 rw-p 00000000 00:00 0 
719950a84000-719950a88000 ---p 00000000 00:00 0 
719950a88000-719950b84000 rw-p 00000000 00:00 0 
719950b84000-719950b88000 ---p 00000000 00:00 0 
719950b88000-719950c84000 rw-p 00000000 00:00 0 
719950c84000-719950c88000 ---p 00000000 00:00 0 
719950c88000-719950d84000 rw-p 00000000 00:00 0 
719950d84000-719950d85000 ---p 00000000 00:00 0 
719950d85000-719950e85000 rw-p 00000000 00:00 0 
719950e85000-719950e86000 ---p 00000000 00:00 0 
719950e86000-719950f86000 rw-p 00000000 00:00 0 
719950f86000-719950f87000 ---p 00000000 00:00 0 
719950f87000-719951087000 rw-p 00000000 00:00 0 
719951087000-71995108b000 ---p 00000000 00:00 0 
71995108b000-719951187000 rw-p 00000000 00:00 0 
719951187000-71995118b000 ---p 00000000 00:00 0 
71995118b000-719951287000 rw-p 00000000 00:00 0 
719951287000-71995128b000 ---p 00000000 00:00 0 
71995128b000-719951387000 rw-p 00000000 00:00 0 
719951387000-71995138b000 ---p 00000000 00:00 0 
71995138b000-719951487000 rw-p 00000000 00:00 0 
719951487000-71995148b000 ---p 00000000 00:00 0 
71995148b000-719951587000 rw-p 00000000 00:00 0 
719951587000-71995158b000 ---p 00000000 00:00 0 
71995158b000-719951687000 rw-p 00000000 00:00 0 
719951687000-71995168b000 ---p 00000000 00:00 0 
71995168b000-719951787000 rw-p 00000000 00:00 0 
719951787000-71995178b000 ---p 00000000 00:00 0 
71995178b000-719951887000 rw-p 00000000 00:00 0 
719951887000-71995188b000 ---p 00000000 00:00 0 
71995188b000-719951987000 rw-p 00000000 00:00 0 
719951987000-71995198b000 ---p 00000000 00:00 0 
71995198b000-719951a87000 rw-p 00000000 00:00 0 
719951a87000-719951cff000 r--p 00000000 07:01 188                        /snap/code/196/usr/lib/locale/aa_DJ.utf8/LC_COLLATE
719951cff000-719951d00000 ---p 00000000 00:00 0 
719951d00000-719951e00000 rw-p 00000000 00:00 0 
719951e00000-7199526f0000 rwxp 00000000 00:00 0 
7199526f0000-719959337000 ---p 00000000 00:00 0 
719959337000-7199595a7000 rwxp 00000000 00:00 0 
7199595a7000-7199598c8000 ---p 00000000 00:00 0 
7199598c8000-719959b38000 rwxp 00000000 00:00 0 
719959b38000-719960e00000 ---p 00000000 00:00 0 
719960e00000-719963fce000 r--s 00000000 08:03 526865                     /home/elves/.vscode/extensions/redhat.java-1.42.0-linux-x64/jre/21.0.7-linux-x86_64/lib/modules
719964000000-719964554000 rw-p 00000000 00:00 0 
719964554000-719968000000 ---p 00000000 00:00 0 
7199680df000-7199680e3000 r--p 00000000 08:03 529378                     /home/elves/.config/Code/User/globalStorage/redhat.java/1.42.0/config_linux/org.eclipse.equinox.launcher/org.eclipse.equinox.launcher.gtk.linux.x86_64_1.2.1400.v20250331-1702/eclipse_11911.so
7199680e3000-7199680ed000 r-xp 00004000 08:03 529378                     /home/elves/.config/Code/User/globalStorage/redhat.java/1.42.0/config_linux/org.eclipse.equinox.launcher/org.eclipse.equinox.launcher.gtk.linux.x86_64_1.2.1400.v20250331-1702/eclipse_11911.so
7199680ed000-7199680f0000 r--p 0000e000 08:03 529378                     /home/elves/.config/Code/User/globalStorage/redhat.java/1.42.0/config_linux/org.eclipse.equinox.launcher/org.eclipse.equinox.launcher.gtk.linux.x86_64_1.2.1400.v20250331-1702/eclipse_11911.so
7199680f0000-7199680f1000 r--p 00010000 08:03 529378                     /home/elves/.config/Code/User/globalStorage/redhat.java/1.42.0/config_linux/org.eclipse.equinox.launcher/org.eclipse.equinox.launcher.gtk.linux.x86_64_1.2.1400.v20250331-1702/eclipse_11911.so
7199680f1000-7199680f2000 rw-p 00011000 08:03 529378                     /home/elves/.config/Code/User/globalStorage/redhat.java/1.42.0/config_linux/org.eclipse.equinox.launcher/org.eclipse.equinox.launcher.gtk.linux.x86_64_1.2.1400.v20250331-1702/eclipse_11911.so
7199680f2000-719968cff000 rw-p 00000000 00:00 0 
719968cff000-719968d00000 ---p 00000000 00:00 0 
719968d00000-719968e00000 rw-p 00000000 00:00 0 
719968e00000-719969000000 rw-p 00000000 00:00 0 
719969002000-719969026000 r--p 00000000 08:03 10618401                   /usr/share/locale-langpack/pt_BR/LC_MESSAGES/libc.mo
719969026000-719969033000 r-xp 00000000 08:03 526863                     /home/elves/.vscode/extensions/redhat.java-1.42.0-linux-x64/jre/21.0.7-linux-x86_64/lib/libverify.so
719969033000-719969035000 r--p 0000c000 08:03 526863                     /home/elves/.vscode/extensions/redhat.java-1.42.0-linux-x64/jre/21.0.7-linux-x86_64/lib/libverify.so
719969035000-719969036000 rw-p 0000e000 08:03 526863                     /home/elves/.vscode/extensions/redhat.java-1.42.0-linux-x64/jre/21.0.7-linux-x86_64/lib/libverify.so
719969036000-719969042000 r-xp 00000000 08:03 526855                     /home/elves/.vscode/extensions/redhat.java-1.42.0-linux-x64/jre/21.0.7-linux-x86_64/lib/libnet.so
719969042000-719969043000 r--p 0000b000 08:03 526855                     /home/elves/.vscode/extensions/redhat.java-1.42.0-linux-x64/jre/21.0.7-linux-x86_64/lib/libnet.so
719969043000-719969044000 rw-p 0000c000 08:03 526855                     /home/elves/.vscode/extensions/redhat.java-1.42.0-linux-x64/jre/21.0.7-linux-x86_64/lib/libnet.so
719969044000-71996905f000 r-xp 00000000 08:03 526864                     /home/elves/.vscode/extensions/redhat.java-1.42.0-linux-x64/jre/21.0.7-linux-x86_64/lib/libzip.so
71996905f000-719969060000 r--p 0001a000 08:03 526864                     /home/elves/.vscode/extensions/redhat.java-1.42.0-linux-x64/jre/21.0.7-linux-x86_64/lib/libzip.so
719969060000-719969061000 rw-p 0001b000 08:03 526864                     /home/elves/.vscode/extensions/redhat.java-1.42.0-linux-x64/jre/21.0.7-linux-x86_64/lib/libzip.so
719969061000-7199690b5000 r--p 00000000 07:01 189                        /snap/code/196/usr/lib/locale/aa_DJ.utf8/LC_CTYPE
7199690b5000-7199691f4000 rw-p 00000000 00:00 0 
7199691f4000-719969328000 ---p 00000000 00:00 0 
719969328000-719969329000 ---p 00000000 00:00 0 
719969329000-719969429000 rw-p 00000000 00:00 0 
719969429000-71996944b000 rw-p 00000000 00:00 0 
71996944b000-71996957e000 ---p 00000000 00:00 0 
71996957e000-71996958d000 rw-p 00000000 00:00 0 
71996958d000-71996962a000 ---p 00000000 00:00 0 
71996962a000-71996962f000 rw-p 00000000 00:00 0 
71996962f000-719969715000 ---p 00000000 00:00 0 
719969715000-719969727000 rw-p 00000000 00:00 0 
719969727000-719969800000 ---p 00000000 00:00 0 
719969800000-71996ac0f000 r-xp 00000000 08:03 526877                     /home/elves/.vscode/extensions/redhat.java-1.42.0-linux-x64/jre/21.0.7-linux-x86_64/lib/server/libjvm.so
71996ac0f000-71996ac10000 ---p 0140f000 08:03 526877                     /home/elves/.vscode/extensions/redhat.java-1.42.0-linux-x64/jre/21.0.7-linux-x86_64/lib/server/libjvm.so
71996ac10000-71996ace4000 r--p 0140f000 08:03 526877                     /home/elves/.vscode/extensions/redhat.java-1.42.0-linux-x64/jre/21.0.7-linux-x86_64/lib/server/libjvm.so
71996ace4000-71996ad14000 rw-p 014e3000 08:03 526877                     /home/elves/.vscode/extensions/redhat.java-1.42.0-linux-x64/jre/21.0.7-linux-x86_64/lib/server/libjvm.so
71996ad14000-71996ad7a000 rw-p 00000000 00:00 0 
71996ad7c000-71996ad90000 r-xp 00000000 08:03 526856                     /home/elves/.vscode/extensions/redhat.java-1.42.0-linux-x64/jre/21.0.7-linux-x86_64/lib/libnio.so
71996ad90000-71996ad91000 r--p 00013000 08:03 526856                     /home/elves/.vscode/extensions/redhat.java-1.42.0-linux-x64/jre/21.0.7-linux-x86_64/lib/libnio.so
71996ad91000-71996ad92000 rw-p 00014000 08:03 526856                     /home/elves/.vscode/extensions/redhat.java-1.42.0-linux-x64/jre/21.0.7-linux-x86_64/lib/libnio.so
71996ad92000-71996ad93000 r--p 00000000 07:01 280                        /snap/code/196/usr/lib/locale/agr_PE/LC_NUMERIC
71996ad93000-71996ad94000 r--p 00000000 07:01 5477                       /snap/code/196/usr/lib/locale/pt_BR.utf8/LC_TIME
71996ad94000-71996ad95000 r--p 00000000 07:01 5472                       /snap/code/196/usr/lib/locale/pt_BR.utf8/LC_MONETARY
71996ad95000-71996adae000 rw-p 00000000 00:00 0 
71996adae000-71996adb5000 ---p 00000000 00:00 0 
71996adb5000-71996adbd000 rw-s 00000000 08:03 4325408                    /tmp/hsperfdata_elves/15361
71996adbd000-71996addd000 r-xp 00000000 08:03 526841                     /home/elves/.vscode/extensions/redhat.java-1.42.0-linux-x64/jre/21.0.7-linux-x86_64/lib/libjava.so
71996addd000-71996adde000 ---p 00020000 08:03 526841                     /home/elves/.vscode/extensions/redhat.java-1.42.0-linux-x64/jre/21.0.7-linux-x86_64/lib/libjava.so
71996adde000-71996addf000 r--p 00020000 08:03 526841                     /home/elves/.vscode/extensions/redhat.java-1.42.0-linux-x64/jre/21.0.7-linux-x86_64/lib/libjava.so
71996addf000-71996ade0000 rw-p 00021000 08:03 526841                     /home/elves/.vscode/extensions/redhat.java-1.42.0-linux-x64/jre/21.0.7-linux-x86_64/lib/libjava.so
71996ade0000-71996ade1000 rw-p 00000000 00:00 0 
71996ade1000-71996adfc000 r-xp 00000000 08:03 526845                     /home/elves/.vscode/extensions/redhat.java-1.42.0-linux-x64/jre/21.0.7-linux-x86_64/lib/libjimage.so
71996adfc000-71996adfd000 ---p 0001b000 08:03 526845                     /home/elves/.vscode/extensions/redhat.java-1.42.0-linux-x64/jre/21.0.7-linux-x86_64/lib/libjimage.so
71996adfd000-71996adff000 r--p 0001b000 08:03 526845                     /home/elves/.vscode/extensions/redhat.java-1.42.0-linux-x64/jre/21.0.7-linux-x86_64/lib/libjimage.so
71996adff000-71996ae00000 rw-p 0001d000 08:03 526845                     /home/elves/.vscode/extensions/redhat.java-1.42.0-linux-x64/jre/21.0.7-linux-x86_64/lib/libjimage.so
71996ae00000-71996ae28000 r--p 00000000 08:03 9309576                    /usr/lib/x86_64-linux-gnu/libc.so.6
71996ae28000-71996afb0000 r-xp 00028000 08:03 9309576                    /usr/lib/x86_64-linux-gnu/libc.so.6
71996afb0000-71996afff000 r--p 001b0000 08:03 9309576                    /usr/lib/x86_64-linux-gnu/libc.so.6
71996afff000-71996b003000 r--p 001fe000 08:03 9309576                    /usr/lib/x86_64-linux-gnu/libc.so.6
71996b003000-71996b005000 rw-p 00202000 08:03 9309576                    /usr/lib/x86_64-linux-gnu/libc.so.6
71996b005000-71996b012000 rw-p 00000000 00:00 0 
71996b012000-71996b019000 r--s 00000000 08:03 9309566                    /usr/lib/x86_64-linux-gnu/gconv/gconv-modules.cache
71996b019000-71996b01d000 ---p 00000000 00:00 0 
71996b01d000-71996b119000 rw-p 00000000 00:00 0 
71996b119000-71996b129000 r--p 00000000 08:03 9309579                    /usr/lib/x86_64-linux-gnu/libm.so.6
71996b129000-71996b1a8000 r-xp 00010000 08:03 9309579                    /usr/lib/x86_64-linux-gnu/libm.so.6
71996b1a8000-71996b200000 r--p 0008f000 08:03 9309579                    /usr/lib/x86_64-linux-gnu/libm.so.6
71996b200000-71996b201000 r--p 000e7000 08:03 9309579                    /usr/lib/x86_64-linux-gnu/libm.so.6
71996b201000-71996b202000 rw-p 000e8000 08:03 9309579                    /usr/lib/x86_64-linux-gnu/libm.so.6
71996b202000-71996b203000 r--p 00000000 08:03 9309590                    /usr/lib/x86_64-linux-gnu/librt.so.1
71996b203000-71996b204000 r-xp 00001000 08:03 9309590                    /usr/lib/x86_64-linux-gnu/librt.so.1
71996b204000-71996b205000 r--p 00002000 08:03 9309590                    /usr/lib/x86_64-linux-gnu/librt.so.1
71996b205000-71996b206000 r--p 00002000 08:03 9309590                    /usr/lib/x86_64-linux-gnu/librt.so.1
71996b206000-71996b207000 rw-p 00003000 08:03 9309590                    /usr/lib/x86_64-linux-gnu/librt.so.1
71996b207000-71996b209000 rw-p 00000000 00:00 0 
71996b209000-71996b20a000 r--p 00000000 08:03 9309578                    /usr/lib/x86_64-linux-gnu/libdl.so.2
71996b20a000-71996b20b000 r-xp 00001000 08:03 9309578                    /usr/lib/x86_64-linux-gnu/libdl.so.2
71996b20b000-71996b20c000 r--p 00002000 08:03 9309578                    /usr/lib/x86_64-linux-gnu/libdl.so.2
71996b20c000-71996b20d000 r--p 00002000 08:03 9309578                    /usr/lib/x86_64-linux-gnu/libdl.so.2
71996b20d000-71996b20e000 rw-p 00003000 08:03 9309578                    /usr/lib/x86_64-linux-gnu/libdl.so.2
71996b20e000-71996b20f000 r--p 00000000 08:03 9309588                    /usr/lib/x86_64-linux-gnu/libpthread.so.0
71996b20f000-71996b210000 r-xp 00001000 08:03 9309588                    /usr/lib/x86_64-linux-gnu/libpthread.so.0
71996b210000-71996b211000 r--p 00002000 08:03 9309588                    /usr/lib/x86_64-linux-gnu/libpthread.so.0
71996b211000-71996b212000 r--p 00002000 08:03 9309588                    /usr/lib/x86_64-linux-gnu/libpthread.so.0
71996b212000-71996b213000 rw-p 00003000 08:03 9309588                    /usr/lib/x86_64-linux-gnu/libpthread.so.0
71996b213000-71996b214000 r--p 00000000 07:01 5471                       /snap/code/196/usr/lib/locale/pt_BR.utf8/LC_MESSAGES/SYS_LC_MESSAGES
71996b214000-71996b215000 r--p 00000000 07:01 197                        /snap/code/196/usr/lib/locale/aa_DJ.utf8/LC_PAPER
71996b215000-71996b216000 r--p 00000000 07:01 279                        /snap/code/196/usr/lib/locale/agr_PE/LC_NAME
71996b216000-71996b217000 r--p 00000000 07:01 5465                       /snap/code/196/usr/lib/locale/pt_BR.utf8/LC_ADDRESS
71996b217000-71996b218000 r--p 00000000 07:01 5476                       /snap/code/196/usr/lib/locale/pt_BR.utf8/LC_TELEPHONE
71996b218000-71996b219000 r--p 00000000 07:01 191                        /snap/code/196/usr/lib/locale/aa_DJ.utf8/LC_MEASUREMENT
71996b219000-71996b21a000 r--p 00000000 07:01 5468                       /snap/code/196/usr/lib/locale/pt_BR.utf8/LC_IDENTIFICATION
71996b21a000-71996b224000 r-xp 00000000 08:03 526836                     /home/elves/.vscode/extensions/redhat.java-1.42.0-linux-x64/jre/21.0.7-linux-x86_64/lib/libinstrument.so
71996b224000-71996b225000 ---p 0000a000 08:03 526836                     /home/elves/.vscode/extensions/redhat.java-1.42.0-linux-x64/jre/21.0.7-linux-x86_64/lib/libinstrument.so
71996b225000-71996b226000 r--p 0000a000 08:03 526836                     /home/elves/.vscode/extensions/redhat.java-1.42.0-linux-x64/jre/21.0.7-linux-x86_64/lib/libinstrument.so
71996b226000-71996b227000 rw-p 0000b000 08:03 526836                     /home/elves/.vscode/extensions/redhat.java-1.42.0-linux-x64/jre/21.0.7-linux-x86_64/lib/libinstrument.so
71996b227000-71996b228000 ---p 00000000 00:00 0 
71996b228000-71996b229000 r--p 00000000 00:00 0 
71996b229000-71996b22a000 ---p 00000000 00:00 0 
71996b22a000-71996b243000 r-xp 00000000 08:03 526846                     /home/elves/.vscode/extensions/redhat.java-1.42.0-linux-x64/jre/21.0.7-linux-x86_64/lib/libjli.so
71996b243000-71996b244000 r--p 00018000 08:03 526846                     /home/elves/.vscode/extensions/redhat.java-1.42.0-linux-x64/jre/21.0.7-linux-x86_64/lib/libjli.so
71996b244000-71996b245000 rw-p 00019000 08:03 526846                     /home/elves/.vscode/extensions/redhat.java-1.42.0-linux-x64/jre/21.0.7-linux-x86_64/lib/libjli.so
71996b245000-71996b247000 rw-p 00000000 00:00 0 
71996b247000-71996b248000 r--p 00000000 08:03 9309573                    /usr/lib/x86_64-linux-gnu/ld-linux-x86-64.so.2
71996b248000-71996b273000 r-xp 00001000 08:03 9309573                    /usr/lib/x86_64-linux-gnu/ld-linux-x86-64.so.2
71996b273000-71996b27d000 r--p 0002c000 08:03 9309573                    /usr/lib/x86_64-linux-gnu/ld-linux-x86-64.so.2
71996b27d000-71996b27f000 r--p 00036000 08:03 9309573                    /usr/lib/x86_64-linux-gnu/ld-linux-x86-64.so.2
71996b27f000-71996b281000 rw-p 00038000 08:03 9309573                    /usr/lib/x86_64-linux-gnu/ld-linux-x86-64.so.2
7ffe25b22000-7ffe25b44000 rw-p 00000000 00:00 0                          [stack]
7ffe25bf3000-7ffe25bf7000 r--p 00000000 00:00 0                          [vvar]
7ffe25bf7000-7ffe25bf9000 r-xp 00000000 00:00 0                          [vdso]
ffffffffff600000-ffffffffff601000 --xp 00000000 00:00 0                  [vsyscall]
Total number of mappings: 278


VM Arguments:
jvm_args: --add-modules=ALL-SYSTEM --add-opens=java.base/java.util=ALL-UNNAMED --add-opens=java.base/java.lang=ALL-UNNAMED --add-opens=java.base/sun.nio.fs=ALL-UNNAMED -Declipse.application=org.eclipse.jdt.ls.core.id1 -Dosgi.bundles.defaultStartLevel=4 -Declipse.product=org.eclipse.jdt.ls.core.product -Djava.import.generatesMetadataFilesAtProjectRoot=false -DDetectVMInstallationsJob.disabled=true -Dfile.encoding=utf8 -XX:+UseParallelGC -XX:GCTimeRatio=4 -XX:AdaptiveSizePolicyWeight=90 -Dsun.zip.disableMemoryMapping=true -Xmx1G -Xms100m -Xlog:disable -javaagent:/home/elves/.vscode/extensions/redhat.java-1.42.0-linux-x64/lombok/lombok-1.18.36.jar -XX:+HeapDumpOnOutOfMemoryError -XX:HeapDumpPath=/home/elves/.config/Code/User/workspaceStorage/d994df2e2bce5b7276a3ec9392a805e9/redhat.java -Daether.dependencyCollector.impl=bf 
java_command: /home/elves/.vscode/extensions/redhat.java-1.42.0-linux-x64/server/plugins/org.eclipse.equinox.launcher_1.7.0.v20250424-1814.jar -configuration /home/elves/.config/Code/User/globalStorage/redhat.java/1.42.0/config_linux -data /home/elves/.config/Code/User/workspaceStorage/d994df2e2bce5b7276a3ec9392a805e9/redhat.java/jdt_ws --pipe=/run/user/1000/lsp-21d21e354ccd4263f7bdfe24a4d674d2.sock
java_class_path (initial): /home/elves/.vscode/extensions/redhat.java-1.42.0-linux-x64/server/plugins/org.eclipse.equinox.launcher_1.7.0.v20250424-1814.jar
Launcher Type: SUN_STANDARD

[Global flags]
    uintx AdaptiveSizePolicyWeight                 = 90                                        {product} {command line}
     intx CICompilerCount                          = 3                                         {product} {ergonomic}
    uintx GCTimeRatio                              = 4                                         {product} {command line}
     bool HeapDumpOnOutOfMemoryError               = true                                   {manageable} {command line}
    ccstr HeapDumpPath                             = /home/elves/.config/Code/User/workspaceStorage/d994df2e2bce5b7276a3ec9392a805e9/redhat.java         {manageable} {command line}
   size_t InitialHeapSize                          = 104857600                                 {product} {command line}
   size_t MaxHeapSize                              = 1073741824                                {product} {command line}
   size_t MaxNewSize                               = 357564416                                 {product} {ergonomic}
   size_t MinHeapDeltaBytes                        = 524288                                    {product} {ergonomic}
   size_t MinHeapSize                              = 104857600                                 {product} {command line}
   size_t NewSize                                  = 34603008                                  {product} {ergonomic}
    uintx NonNMethodCodeHeapSize                   = 5832780                                {pd product} {ergonomic}
    uintx NonProfiledCodeHeapSize                  = 122912730                              {pd product} {ergonomic}
   size_t OldSize                                  = 70254592                                  {product} {ergonomic}
    uintx ProfiledCodeHeapSize                     = 122912730                              {pd product} {ergonomic}
    uintx ReservedCodeCacheSize                    = 251658240                              {pd product} {ergonomic}
     bool SegmentedCodeCache                       = true                                      {product} {ergonomic}
   size_t SoftMaxHeapSize                          = 1073741824                             {manageable} {ergonomic}
     bool UseCompressedOops                        = true                           {product lp64_product} {ergonomic}
     bool UseParallelGC                            = true                                      {product} {command line}

Logging:
Log output configuration:
 #0: stdout all=off uptime,level,tags foldmultilines=false
 #1: stderr all=off uptime,level,tags foldmultilines=false

Environment Variables:
JAVA_HOME=/usr/lib/jvm/java-21-openjdk-amd64
PATH=/usr/local/sbin:/usr/local/bin:/usr/sbin:/usr/bin:/sbin:/bin:/usr/games:/usr/local/games:/snap/bin
SHELL=/bin/bash
DISPLAY=:0
LANG=pt_BR.UTF-8

Active Locale:
LC_ALL=pt_BR.UTF-8
LC_COLLATE=pt_BR.UTF-8
LC_CTYPE=pt_BR.UTF-8
LC_MESSAGES=pt_BR.UTF-8
LC_MONETARY=pt_BR.UTF-8
LC_NUMERIC=pt_BR.UTF-8
LC_TIME=pt_BR.UTF-8

Signal Handlers:
   SIGSEGV: crash_handler in libjvm.so, mask=11100100010111111101111111111110, flags=SA_RESTART|SA_SIGINFO, unblocked
    SIGBUS: crash_handler in libjvm.so, mask=11100100010111111101111111111110, flags=SA_RESTART|SA_SIGINFO, unblocked
    SIGFPE: crash_handler in libjvm.so, mask=11100100010111111101111111111110, flags=SA_RESTART|SA_SIGINFO, unblocked
   SIGPIPE: javaSignalHandler in libjvm.so, mask=11100100010111111101111111111110, flags=SA_RESTART|SA_SIGINFO, blocked
   SIGXFSZ: javaSignalHandler in libjvm.so, mask=11100100010111111101111111111110, flags=SA_RESTART|SA_SIGINFO, blocked
    SIGILL: crash_handler in libjvm.so, mask=11100100010111111101111111111110, flags=SA_RESTART|SA_SIGINFO, unblocked
   SIGUSR2: SR_handler in libjvm.so, mask=00000000000000000000000000000000, flags=SA_RESTART|SA_SIGINFO, blocked
    SIGHUP: UserHandler in libjvm.so, mask=11100100010111111101111111111110, flags=SA_RESTART|SA_SIGINFO, blocked
    SIGINT: UserHandler in libjvm.so, mask=11100100010111111101111111111110, flags=SA_RESTART|SA_SIGINFO, blocked
   SIGTERM: UserHandler in libjvm.so, mask=11100100010111111101111111111110, flags=SA_RESTART|SA_SIGINFO, blocked
   SIGQUIT: UserHandler in libjvm.so, mask=11100100010111111101111111111110, flags=SA_RESTART|SA_SIGINFO, blocked
   SIGTRAP: crash_handler in libjvm.so, mask=11100100010111111101111111111110, flags=SA_RESTART|SA_SIGINFO, unblocked


Periodic native trim disabled

---------------  S Y S T E M  ---------------

OS:
DISTRIB_ID=LinuxMint
DISTRIB_RELEASE=22.1
DISTRIB_CODENAME=xia
DISTRIB_DESCRIPTION="Linux Mint 22.1 Xia"
uname: Linux 6.8.0-60-generic #63-Ubuntu SMP PREEMPT_DYNAMIC Tue Apr 15 19:04:15 UTC 2025 x86_64
OS uptime: 0 days 0:45 hours
libc: glibc 2.39 NPTL 2.39 
rlimit (soft/hard): STACK 8192k/infinity , CORE 0k/infinity , NPROC 23155/23155 , NOFILE 1048576/1048576 , AS infinity/infinity , CPU infinity/infinity , DATA infinity/infinity , FSIZE infinity/infinity , MEMLOCK 751652k/751652k
load average: 12,75 3,98 1,96

/proc/meminfo:
MemTotal:        6013228 kB
MemFree:         1440628 kB
MemAvailable:    3246704 kB
Buffers:           31868 kB
Cached:          2270700 kB
SwapCached:            0 kB
Active:          1797312 kB
Inactive:        2444832 kB
Active(anon):    1270184 kB
Inactive(anon):   984592 kB
Active(file):     527128 kB
Inactive(file):  1460240 kB
Unevictable:       16396 kB
Mlocked:              64 kB
SwapTotal:       3998716 kB
SwapFree:        3998204 kB
Zswap:                 0 kB
Zswapped:              0 kB
Dirty:               308 kB
Writeback:             0 kB
AnonPages:       1956088 kB
Mapped:           717340 kB
Shmem:            315192 kB
KReclaimable:      65232 kB
Slab:             194764 kB
SReclaimable:      65232 kB
SUnreclaim:       129532 kB
KernelStack:       14576 kB
PageTables:        35636 kB
SecPageTables:         0 kB
NFS_Unstable:          0 kB
Bounce:                0 kB
WritebackTmp:          0 kB
CommitLimit:     7005328 kB
Committed_AS:   11532820 kB
VmallocTotal:   34359738367 kB
VmallocUsed:       39924 kB
VmallocChunk:          0 kB
Percpu:             5632 kB
HardwareCorrupted:     0 kB
AnonHugePages:         0 kB
ShmemHugePages:        0 kB
ShmemPmdMapped:        0 kB
FileHugePages:         0 kB
FilePmdMapped:         0 kB
Unaccepted:            0 kB
HugePages_Total:       0
HugePages_Free:        0
HugePages_Rsvd:        0
HugePages_Surp:        0
Hugepagesize:       2048 kB
Hugetlb:               0 kB
DirectMap4k:      147712 kB
DirectMap2M:     6090752 kB

/sys/kernel/mm/transparent_hugepage/enabled: always [madvise] never
/sys/kernel/mm/transparent_hugepage/hpage_pmd_size: 2097152
/sys/kernel/mm/transparent_hugepage/defrag (defrag/compaction efforts parameter): always defer defer+madvise [madvise] never

Process Memory:
Virtual Size: 4772192K (peak: 4772192K)
Resident Set Size: 209352K (peak: 209352K) (anon: 173708K, file: 35644K, shmem: 0K)
Swapped out: 0K
C-Heap outstanding allocations: 72049K, retained: 10450K
glibc malloc tunables: (default)

/proc/sys/kernel/threads-max (system-wide limit on the number of threads): 46310
/proc/sys/vm/max_map_count (maximum number of memory map areas a process may have): 1048576
/proc/sys/vm/swappiness (control to define how aggressively the kernel swaps out anonymous memory): 60
/proc/sys/kernel/pid_max (system-wide limit on number of process identifiers): 4194304

container (cgroup) information:
container_type: cgroupv2
cpu_cpuset_cpus: not supported
cpu_memory_nodes: not supported
active_processor_count: 4
cpu_quota: not supported
cpu_period: not supported
cpu_shares: not supported
memory_limit_in_bytes: unlimited
memory_and_swap_limit_in_bytes: unlimited
memory_soft_limit_in_bytes: unlimited
memory_usage_in_bytes: 1614220 k
memory_max_usage_in_bytes: not supported
memory_swap_current_in_bytes: unlimited
memory_swap_max_limit_in_bytes: unlimited
maximum number of tasks: 6946
current number of tasks: 187

Steal ticks since vm start: 0
Steal ticks percentage since vm start:  0,000

CPU: total 8 (initial active 4) (2 cores per cpu, 2 threads per core) family 6 model 42 stepping 7 microcode 0x2f, cx8, cmov, fxsr, ht, mmx, sse, sse2, sse3, ssse3, sse4.1, sse4.2, popcnt, tsc, tscinvbit, avx, clmul, vzeroupper, clflush, rdtscp
CPU Model and flags from /proc/cpuinfo:
model name	: Intel(R) Core(TM) i3-2310M CPU @ 2.10GHz
flags		: fpu vme de pse tsc msr pae mce cx8 apic sep mtrr pge mca cmov pat pse36 clflush dts acpi mmx fxsr sse sse2 ht tm pbe syscall nx rdtscp lm constant_tsc arch_perfmon pebs bts rep_good nopl xtopology nonstop_tsc cpuid aperfmperf pni pclmulqdq dtes64 monitor ds_cpl vmx est tm2 ssse3 cx16 xtpr pdcm pcid sse4_1 sse4_2 x2apic popcnt tsc_deadline_timer xsave avx lahf_lm epb pti ssbd ibrs ibpb stibp tpr_shadow flexpriority ept vpid xsaveopt dtherm arat pln pts vnmi md_clear flush_l1d

Online cpus: 0-3
Offline cpus: 4-7
BIOS frequency limitation: <Not Available>
Frequency switch latency (ns): 20000
Available cpu frequencies: <Not Available>
Current governor: schedutil
Core performance/turbo boost: <Not Available>

Memory: 4k page, physical 6013228k(3246704k free), swap 3998716k(3998204k free)
Page Sizes: 4k

vm_info: OpenJDK 64-Bit Server VM (21.0.7+6-LTS) for linux-amd64 JRE (21.0.7+6-LTS), built on 2025-04-15T00:00:00Z by "admin" with gcc 11.3.0

END.
